<?xml version="1.0" encoding="UTF-8"?>
<!-- Generated by org.testng.reporters.JUnitXMLReporter -->
<testsuite ignored="4" hostname="TNBVPLD00005" failures="1" tests="3" name="basic tests" time="39.373" errors="0" timestamp="2025-03-15T16:36:23 IST">
  <testcase classname="testCases.LoginTest" name="loginTest" time="3.569"/>
  <testcase classname="testCases.HolidayTest" name="HolidayCreationTest" time="0.577">
    <failure type="java.lang.AssertionError" message="expected [false] but found [true]">
      <![CDATA[java.lang.AssertionError: expected [false] but found [true]
at testCases.HolidayTest.HolidayCreationTest(HolidayTest.java:54)
at java.base/java.util.ArrayList.forEach(ArrayList.java:1597)
... Removed 29 stack frames]]>
    </failure>
  </testcase> <!-- HolidayCreationTest -->
  <testcase classname="testCases.Mainmaster_hoidayTest" name="validateTheHoliBtnTest" time="3.035"/>
  <testcase classname="baseClass.BaseClass" name="@BeforeSuite loadConfig" time="0.0">
    <ignored/>
  </testcase> <!-- @BeforeSuite loadConfig -->
  <testcase classname="baseClass.BaseClass" name="@BeforeSuite loadConfig" time="0.0">
    <ignored/>
  </testcase> <!-- @BeforeSuite loadConfig -->
  <testcase classname="baseClass.BaseClass" name="@AfterSuite CreateReport" time="0.0">
    <ignored/>
  </testcase> <!-- @AfterSuite CreateReport -->
  <testcase classname="baseClass.BaseClass" name="@AfterSuite CreateReport" time="0.0">
    <ignored/>
  </testcase> <!-- @AfterSuite CreateReport -->
</testsuite> <!-- basic tests -->
