<?xml version="1.0" encoding="UTF-8"?>
<!-- Generated by org.testng.reporters.JUnitXMLReporter -->
<testsuite ignored="2" hostname="TNBVPLD00005" failures="1" tests="11" name="Regression test" time="133.338" errors="0" timestamp="2025-03-20T12:40:05 IST">
  <testcase classname="testCases.LoginTest" name="loginTest" time="3.799"/>
  <testcase classname="testCases.HolidayTest" name="HolidayCreationTest" time="0.51"/>
  <testcase classname="testCases.HolidayTest" name="HolidayCreationTest" time="0.472"/>
  <testcase classname="testCases.HolidayTest" name="HolidayCreationTest" time="0.538"/>
  <testcase classname="testCases.HolidayTest" name="HolidayCreationTest" time="0.485"/>
  <testcase classname="testCases.HolidayTest" name="HolidayCreationTest" time="0.618"/>
  <testcase classname="testCases.HolidayTest" name="HolidayCreationTest" time="0.524"/>
  <testcase classname="testCases.HolidayTest" name="HolidayCreationTest" time="0.438"/>
  <testcase classname="testCases.HolidayTest" name="HolidayCreationTest" time="0.461"/>
  <testcase classname="testCases.HolidayTest" name="HolidayCreationTest" time="0.448"/>
  <testcase classname="testCases.HolidayTest" name="SearchFuncTest" time="0.0">
    <failure type="org.testng.TestNGException" message="
Cannot inject @Test annotated Method [SearchFuncTest] with [class java.lang.String].
For more information on native dependency injection please refer to https://testng.org/#_dependency_injection">
      <![CDATA[org.testng.TestNGException: 
Cannot inject @Test annotated Method [SearchFuncTest] with [class java.lang.String].
For more information on native dependency injection please refer to https://testng.org/#_dependency_injection
at java.base/java.util.ArrayList.forEach(ArrayList.java:1597)
... Removed 30 stack frames]]>
    </failure>
  </testcase> <!-- SearchFuncTest -->
  <testcase classname="baseClass.BaseClass" name="@AfterSuite CreateReport" time="0.0">
    <ignored/>
  </testcase> <!-- @AfterSuite CreateReport -->
  <testcase classname="baseClass.BaseClass" name="@BeforeSuite loadConfig" time="0.0">
    <ignored/>
  </testcase> <!-- @BeforeSuite loadConfig -->
</testsuite> <!-- Regression test -->
