<?xml version="1.0" encoding="UTF-8"?>
<testng-results retried="1" ignored="1" total="26" passed="21" failed="3" skipped="0">
  <reporter-output>
  </reporter-output>
  <suite started-at="2025-03-20T12:37:52 IST" name="Suite" finished-at="2025-03-20T12:40:05 IST" duration-ms="133338">
    <groups>
    </groups>
    <test started-at="2025-03-20T12:37:52 IST" name="Regression test" finished-at="2025-03-20T12:40:05 IST" duration-ms="133338">
      <class name="testCases.LoginTest">
        <test-method is-config="true" signature="loadConfig()[pri:0, instance:testCases.LoginTest@3e2055d6]" started-at="2025-03-20T12:37:51 IST" name="loadConfig" finished-at="2025-03-20T12:37:52 IST" duration-ms="980" status="PASS">
          <reporter-output>
          </reporter-output>
        </test-method> <!-- loadConfig -->
        <test-method is-config="true" signature="setup()[pri:0, instance:testCases.LoginTest@3e2055d6]" started-at="2025-03-20T12:37:52 IST" name="setup" finished-at="2025-03-20T12:38:07 IST" duration-ms="14973" status="PASS">
          <reporter-output>
          </reporter-output>
        </test-method> <!-- setup -->
        <test-method signature="loginTest()[pri:0, instance:testCases.LoginTest@3e2055d6]" started-at="2025-03-20T12:38:07 IST" name="loginTest" finished-at="2025-03-20T12:38:11 IST" duration-ms="3799" status="PASS">
          <reporter-output>
          </reporter-output>
        </test-method> <!-- loginTest -->
        <test-method is-config="true" signature="tearDown()[pri:0, instance:testCases.LoginTest@3e2055d6]" started-at="2025-03-20T12:38:11 IST" name="tearDown" finished-at="2025-03-20T12:38:11 IST" duration-ms="396" status="PASS">
          <reporter-output>
          </reporter-output>
        </test-method> <!-- tearDown -->
        <test-method is-config="true" signature="CreateReport()[pri:0, instance:testCases.LoginTest@3e2055d6]" started-at="2025-03-20T12:40:05 IST" name="CreateReport" finished-at="2025-03-20T12:40:06 IST" duration-ms="487" status="PASS">
          <reporter-output>
          </reporter-output>
        </test-method> <!-- CreateReport -->
      </class> <!-- testCases.LoginTest -->
      <class name="testCases.HolidayTest">
        <test-method is-config="true" signature="setup()[pri:0, instance:testCases.HolidayTest@7f2cfe3f]" started-at="2025-03-20T12:38:12 IST" name="setup" finished-at="2025-03-20T12:38:24 IST" duration-ms="11850" status="PASS">
          <reporter-output>
          </reporter-output>
        </test-method> <!-- setup -->
        <test-method signature="HolidayCreationTest(java.lang.String,java.lang.String)[pri:0, instance:testCases.HolidayTest@7f2cfe3f]" started-at="2025-03-20T12:38:24 IST" name="HolidayCreationTest" data-provider="HolidayProvider" finished-at="2025-03-20T12:38:24 IST" duration-ms="510" status="PASS">
          <params>
            <param index="0">
              <value>
                <![CDATA[Sunday]]>
              </value>
            </param>
            <param index="1">
              <value>
                <![CDATA[may]]>
              </value>
            </param>
          </params>
          <reporter-output>
          </reporter-output>
        </test-method> <!-- HolidayCreationTest -->
        <test-method is-config="true" signature="tearDown()[pri:0, instance:testCases.HolidayTest@7f2cfe3f]" started-at="2025-03-20T12:38:24 IST" name="tearDown" finished-at="2025-03-20T12:38:25 IST" duration-ms="519" status="PASS">
          <reporter-output>
          </reporter-output>
        </test-method> <!-- tearDown -->
        <test-method is-config="true" signature="setup()[pri:0, instance:testCases.HolidayTest@7f2cfe3f]" started-at="2025-03-20T12:38:25 IST" name="setup" finished-at="2025-03-20T12:38:37 IST" duration-ms="11881" status="PASS">
          <reporter-output>
          </reporter-output>
        </test-method> <!-- setup -->
        <test-method signature="HolidayCreationTest(java.lang.String,java.lang.String)[pri:0, instance:testCases.HolidayTest@7f2cfe3f]" started-at="2025-03-20T12:38:37 IST" name="HolidayCreationTest" data-provider="HolidayProvider" finished-at="2025-03-20T12:38:37 IST" duration-ms="472" status="PASS">
          <params>
            <param index="0">
              <value>
                <![CDATA[Monday]]>
              </value>
            </param>
            <param index="1">
              <value>
                <![CDATA[12.2.2026]]>
              </value>
            </param>
          </params>
          <reporter-output>
          </reporter-output>
        </test-method> <!-- HolidayCreationTest -->
        <test-method is-config="true" signature="tearDown()[pri:0, instance:testCases.HolidayTest@7f2cfe3f]" started-at="2025-03-20T12:38:37 IST" name="tearDown" finished-at="2025-03-20T12:38:38 IST" duration-ms="536" status="PASS">
          <reporter-output>
          </reporter-output>
        </test-method> <!-- tearDown -->
        <test-method is-config="true" signature="setup()[pri:0, instance:testCases.HolidayTest@7f2cfe3f]" started-at="2025-03-20T12:38:38 IST" name="setup" finished-at="2025-03-20T12:38:49 IST" duration-ms="11566" status="PASS">
          <reporter-output>
          </reporter-output>
        </test-method> <!-- setup -->
        <test-method signature="HolidayCreationTest(java.lang.String,java.lang.String)[pri:0, instance:testCases.HolidayTest@7f2cfe3f]" started-at="2025-03-20T12:38:49 IST" name="HolidayCreationTest" data-provider="HolidayProvider" finished-at="2025-03-20T12:38:50 IST" duration-ms="538" status="PASS">
          <params>
            <param index="0">
              <value>
                <![CDATA[Tuesday]]>
              </value>
            </param>
            <param index="1">
              <value>
                <![CDATA[12.2.2027]]>
              </value>
            </param>
          </params>
          <reporter-output>
          </reporter-output>
        </test-method> <!-- HolidayCreationTest -->
        <test-method is-config="true" signature="tearDown()[pri:0, instance:testCases.HolidayTest@7f2cfe3f]" started-at="2025-03-20T12:38:50 IST" name="tearDown" finished-at="2025-03-20T12:38:52 IST" duration-ms="1978" status="PASS">
          <reporter-output>
          </reporter-output>
        </test-method> <!-- tearDown -->
        <test-method is-config="true" signature="setup()[pri:0, instance:testCases.HolidayTest@7f2cfe3f]" started-at="2025-03-20T12:38:52 IST" name="setup" finished-at="2025-03-20T12:39:03 IST" duration-ms="10819" status="PASS">
          <reporter-output>
          </reporter-output>
        </test-method> <!-- setup -->
        <test-method signature="HolidayCreationTest(java.lang.String,java.lang.String)[pri:0, instance:testCases.HolidayTest@7f2cfe3f]" started-at="2025-03-20T12:39:03 IST" name="HolidayCreationTest" data-provider="HolidayProvider" finished-at="2025-03-20T12:39:03 IST" duration-ms="485" status="PASS">
          <params>
            <param index="0">
              <value>
                <![CDATA[Wednesday]]>
              </value>
            </param>
            <param index="1">
              <value>
                <![CDATA[12.2.2028]]>
              </value>
            </param>
          </params>
          <reporter-output>
          </reporter-output>
        </test-method> <!-- HolidayCreationTest -->
        <test-method is-config="true" signature="tearDown()[pri:0, instance:testCases.HolidayTest@7f2cfe3f]" started-at="2025-03-20T12:39:03 IST" name="tearDown" finished-at="2025-03-20T12:39:04 IST" duration-ms="509" status="PASS">
          <reporter-output>
          </reporter-output>
        </test-method> <!-- tearDown -->
        <test-method is-config="true" signature="setup()[pri:0, instance:testCases.HolidayTest@7f2cfe3f]" started-at="2025-03-20T12:39:04 IST" name="setup" finished-at="2025-03-20T12:39:14 IST" duration-ms="10691" status="PASS">
          <reporter-output>
          </reporter-output>
        </test-method> <!-- setup -->
        <test-method signature="HolidayCreationTest(java.lang.String,java.lang.String)[pri:0, instance:testCases.HolidayTest@7f2cfe3f]" started-at="2025-03-20T12:39:14 IST" name="HolidayCreationTest" data-provider="HolidayProvider" finished-at="2025-03-20T12:39:15 IST" duration-ms="618" status="PASS">
          <params>
            <param index="0">
              <value>
                <![CDATA[Thursday]]>
              </value>
            </param>
            <param index="1">
              <value>
                <![CDATA[12.2.2029]]>
              </value>
            </param>
          </params>
          <reporter-output>
          </reporter-output>
        </test-method> <!-- HolidayCreationTest -->
        <test-method is-config="true" signature="tearDown()[pri:0, instance:testCases.HolidayTest@7f2cfe3f]" started-at="2025-03-20T12:39:15 IST" name="tearDown" finished-at="2025-03-20T12:39:16 IST" duration-ms="803" status="PASS">
          <reporter-output>
          </reporter-output>
        </test-method> <!-- tearDown -->
        <test-method is-config="true" signature="setup()[pri:0, instance:testCases.HolidayTest@7f2cfe3f]" started-at="2025-03-20T12:39:16 IST" name="setup" finished-at="2025-03-20T12:39:28 IST" duration-ms="11821" status="PASS">
          <reporter-output>
          </reporter-output>
        </test-method> <!-- setup -->
        <test-method signature="HolidayCreationTest(java.lang.String,java.lang.String)[pri:0, instance:testCases.HolidayTest@7f2cfe3f]" started-at="2025-03-20T12:39:28 IST" name="HolidayCreationTest" data-provider="HolidayProvider" finished-at="2025-03-20T12:39:28 IST" duration-ms="524" status="PASS">
          <params>
            <param index="0">
              <value>
                <![CDATA[Friday]]>
              </value>
            </param>
            <param index="1">
              <value>
                <![CDATA[12.2.2030]]>
              </value>
            </param>
          </params>
          <reporter-output>
          </reporter-output>
        </test-method> <!-- HolidayCreationTest -->
        <test-method is-config="true" signature="tearDown()[pri:0, instance:testCases.HolidayTest@7f2cfe3f]" started-at="2025-03-20T12:39:28 IST" name="tearDown" finished-at="2025-03-20T12:39:29 IST" duration-ms="629" status="PASS">
          <reporter-output>
          </reporter-output>
        </test-method> <!-- tearDown -->
        <test-method is-config="true" signature="setup()[pri:0, instance:testCases.HolidayTest@7f2cfe3f]" started-at="2025-03-20T12:39:29 IST" name="setup" finished-at="2025-03-20T12:39:39 IST" duration-ms="10619" status="PASS">
          <reporter-output>
          </reporter-output>
        </test-method> <!-- setup -->
        <test-method signature="HolidayCreationTest(java.lang.String,java.lang.String)[pri:0, instance:testCases.HolidayTest@7f2cfe3f]" started-at="2025-03-20T12:39:39 IST" name="HolidayCreationTest" data-provider="HolidayProvider" finished-at="2025-03-20T12:39:40 IST" duration-ms="438" status="PASS">
          <params>
            <param index="0">
              <value>
                <![CDATA[Saturday]]>
              </value>
            </param>
            <param index="1">
              <value>
                <![CDATA[12.2.2031]]>
              </value>
            </param>
          </params>
          <reporter-output>
          </reporter-output>
        </test-method> <!-- HolidayCreationTest -->
        <test-method is-config="true" signature="tearDown()[pri:0, instance:testCases.HolidayTest@7f2cfe3f]" started-at="2025-03-20T12:39:40 IST" name="tearDown" finished-at="2025-03-20T12:39:40 IST" duration-ms="438" status="PASS">
          <reporter-output>
          </reporter-output>
        </test-method> <!-- tearDown -->
        <test-method is-config="true" signature="setup()[pri:0, instance:testCases.HolidayTest@7f2cfe3f]" started-at="2025-03-20T12:39:40 IST" name="setup" finished-at="2025-03-20T12:39:52 IST" duration-ms="11362" status="PASS">
          <reporter-output>
          </reporter-output>
        </test-method> <!-- setup -->
        <test-method signature="HolidayCreationTest(java.lang.String,java.lang.String)[pri:0, instance:testCases.HolidayTest@7f2cfe3f]" started-at="2025-03-20T12:39:52 IST" name="HolidayCreationTest" data-provider="HolidayProvider" finished-at="2025-03-20T12:39:52 IST" duration-ms="461" status="PASS">
          <params>
            <param index="0">
              <value>
                <![CDATA[Sunday]]>
              </value>
            </param>
            <param index="1">
              <value>
                <![CDATA[12.2.2032]]>
              </value>
            </param>
          </params>
          <reporter-output>
          </reporter-output>
        </test-method> <!-- HolidayCreationTest -->
        <test-method is-config="true" signature="tearDown()[pri:0, instance:testCases.HolidayTest@7f2cfe3f]" started-at="2025-03-20T12:39:52 IST" name="tearDown" finished-at="2025-03-20T12:39:54 IST" duration-ms="1387" status="PASS">
          <reporter-output>
          </reporter-output>
        </test-method> <!-- tearDown -->
        <test-method is-config="true" signature="setup()[pri:0, instance:testCases.HolidayTest@7f2cfe3f]" started-at="2025-03-20T12:39:54 IST" name="setup" finished-at="2025-03-20T12:40:04 IST" duration-ms="10564" status="PASS">
          <reporter-output>
          </reporter-output>
        </test-method> <!-- setup -->
        <test-method signature="HolidayCreationTest(java.lang.String,java.lang.String)[pri:0, instance:testCases.HolidayTest@7f2cfe3f]" started-at="2025-03-20T12:40:04 IST" name="HolidayCreationTest" data-provider="HolidayProvider" finished-at="2025-03-20T12:40:05 IST" duration-ms="448" status="PASS">
          <params>
            <param index="0">
              <value>
                <![CDATA[Monday]]>
              </value>
            </param>
            <param index="1">
              <value>
                <![CDATA[12.2.2033]]>
              </value>
            </param>
          </params>
          <reporter-output>
          </reporter-output>
        </test-method> <!-- HolidayCreationTest -->
        <test-method is-config="true" signature="tearDown()[pri:0, instance:testCases.HolidayTest@7f2cfe3f]" started-at="2025-03-20T12:40:05 IST" name="tearDown" finished-at="2025-03-20T12:40:05 IST" duration-ms="450" status="PASS">
          <reporter-output>
          </reporter-output>
        </test-method> <!-- tearDown -->
        <test-method signature="SearchFuncTest(java.lang.String)[pri:0, instance:testCases.HolidayTest@7f2cfe3f]" started-at="2025-03-20T12:40:05 IST" name="SearchFuncTest" finished-at="2025-03-20T12:40:05 IST" duration-ms="0" status="FAIL">
          <exception class="org.testng.TestNGException">
            <message>
              <![CDATA[
Cannot inject @Test annotated Method [SearchFuncTest] with [class java.lang.String].
For more information on native dependency injection please refer to https://testng.org/#_dependency_injection]]>
            </message>
            <full-stacktrace>
              <![CDATA[org.testng.TestNGException: 
Cannot inject @Test annotated Method [SearchFuncTest] with [class java.lang.String].
For more information on native dependency injection please refer to https://testng.org/#_dependency_injection
at org.testng.internal.Parameters.checkParameterTypes(Parameters.java:442)
at org.testng.internal.Parameters.createParametersForMethod(Parameters.java:347)
at org.testng.internal.Parameters.createParameters(Parameters.java:699)
at org.testng.internal.Parameters.handleParameters(Parameters.java:885)
at org.testng.internal.Parameters.handleParameters(Parameters.java:734)
at org.testng.internal.invokers.ParameterHandler.handleParameters(ParameterHandler.java:72)
at org.testng.internal.invokers.ParameterHandler.createParameters(ParameterHandler.java:51)
at org.testng.internal.invokers.TestInvoker$MethodInvocationAgent.invoke(TestInvoker.java:946)
at org.testng.internal.invokers.TestInvoker.invokeTestMethods(TestInvoker.java:203)
at org.testng.internal.invokers.TestMethodWorker.invokeTestMethods(TestMethodWorker.java:154)
at org.testng.internal.invokers.TestMethodWorker.run(TestMethodWorker.java:134)
at java.base/java.util.ArrayList.forEach(ArrayList.java:1597)
at org.testng.TestRunner.privateRun(TestRunner.java:739)
at org.testng.TestRunner.run(TestRunner.java:614)
at org.testng.SuiteRunner.runTest(SuiteRunner.java:421)
at org.testng.SuiteRunner.runSequentially(SuiteRunner.java:413)
at org.testng.SuiteRunner.privateRun(SuiteRunner.java:373)
at org.testng.SuiteRunner.run(SuiteRunner.java:312)
at org.testng.SuiteRunnerWorker.runSuite(SuiteRunnerWorker.java:52)
at org.testng.SuiteRunnerWorker.run(SuiteRunnerWorker.java:95)
at org.testng.TestNG.runSuitesSequentially(TestNG.java:1274)
at org.testng.TestNG.runSuitesLocally(TestNG.java:1208)
at org.testng.TestNG.runSuites(TestNG.java:1112)
at org.testng.TestNG.run(TestNG.java:1079)
at org.apache.maven.surefire.testng.TestNGExecutor.run(TestNGExecutor.java:308)
at org.apache.maven.surefire.testng.TestNGXmlTestSuite.execute(TestNGXmlTestSuite.java:71)
at org.apache.maven.surefire.testng.TestNGProvider.invoke(TestNGProvider.java:113)
at org.apache.maven.surefire.booter.ForkedBooter.runSuitesInProcess(ForkedBooter.java:385)
at org.apache.maven.surefire.booter.ForkedBooter.execute(ForkedBooter.java:162)
at org.apache.maven.surefire.booter.ForkedBooter.run(ForkedBooter.java:507)
at org.apache.maven.surefire.booter.ForkedBooter.main(ForkedBooter.java:495)
]]>
            </full-stacktrace>
          </exception> <!-- org.testng.TestNGException -->
          <reporter-output>
          </reporter-output>
        </test-method> <!-- SearchFuncTest -->
      </class> <!-- testCases.HolidayTest -->
    </test> <!-- Regression test -->
  </suite> <!-- Suite -->
  <suite started-at="2025-03-20T12:40:06 IST" name="Suite (0)" finished-at="2025-03-20T12:43:03 IST" duration-ms="176945">
    <groups>
    </groups>
    <test started-at="2025-03-20T12:40:06 IST" name="basic tests" finished-at="2025-03-20T12:43:03 IST" duration-ms="176945">
      <class name="testCases.Mainmaster_hoidayTest">
        <test-method is-config="true" signature="setup()[pri:0, instance:testCases.Mainmaster_hoidayTest@13d9cbf5]" started-at="2025-03-20T12:42:15 IST" name="setup" finished-at="2025-03-20T12:42:27 IST" duration-ms="11329" status="PASS">
          <reporter-output>
          </reporter-output>
        </test-method> <!-- setup -->
        <test-method retried="true" signature="validateTheHoliBtnTest()[pri:0, instance:testCases.Mainmaster_hoidayTest@13d9cbf5]" started-at="2025-03-20T12:42:27 IST" name="validateTheHoliBtnTest" finished-at="2025-03-20T12:42:30 IST" duration-ms="3205" status="SKIP">
          <exception class="java.lang.AssertionError">
            <message>
              <![CDATA[Navigation to Main Master Page failed: URLs do not match.  expected [https://staging-mmsadmin.basispay.in/sidenav/governmentholidy] but found [https://staging-mmsadmin.basispay.in/sidenav/governmentholiday]]]>
            </message>
            <full-stacktrace>
              <![CDATA[java.lang.AssertionError: Navigation to Main Master Page failed: URLs do not match.  expected [https://staging-mmsadmin.basispay.in/sidenav/governmentholidy] but found [https://staging-mmsadmin.basispay.in/sidenav/governmentholiday]
at org.testng.Assert.fail(Assert.java:111)
at org.testng.Assert.failNotEquals(Assert.java:1578)
at org.testng.Assert.assertEqualsImpl(Assert.java:150)
at org.testng.Assert.assertEquals(Assert.java:132)
at org.testng.Assert.assertEquals(Assert.java:656)
at testCases.Mainmaster_hoidayTest.validateTheHoliBtnTest(Mainmaster_hoidayTest.java:54)
at java.base/jdk.internal.reflect.DirectMethodHandleAccessor.invoke(DirectMethodHandleAccessor.java:103)
at java.base/java.lang.reflect.Method.invoke(Method.java:580)
at org.testng.internal.invokers.MethodInvocationHelper.invokeMethod(MethodInvocationHelper.java:141)
at org.testng.internal.invokers.TestInvoker.invokeMethod(TestInvoker.java:686)
at org.testng.internal.invokers.TestInvoker.invokeTestMethod(TestInvoker.java:230)
at org.testng.internal.invokers.MethodRunner.runInSequence(MethodRunner.java:63)
at org.testng.internal.invokers.TestInvoker$MethodInvocationAgent.invoke(TestInvoker.java:992)
at org.testng.internal.invokers.TestInvoker.invokeTestMethods(TestInvoker.java:203)
at org.testng.internal.invokers.TestMethodWorker.invokeTestMethods(TestMethodWorker.java:154)
at org.testng.internal.invokers.TestMethodWorker.run(TestMethodWorker.java:134)
at java.base/java.util.ArrayList.forEach(ArrayList.java:1597)
at org.testng.TestRunner.privateRun(TestRunner.java:739)
at org.testng.TestRunner.run(TestRunner.java:614)
at org.testng.SuiteRunner.runTest(SuiteRunner.java:421)
at org.testng.SuiteRunner.runSequentially(SuiteRunner.java:413)
at org.testng.SuiteRunner.privateRun(SuiteRunner.java:373)
at org.testng.SuiteRunner.run(SuiteRunner.java:312)
at org.testng.SuiteRunnerWorker.runSuite(SuiteRunnerWorker.java:52)
at org.testng.SuiteRunnerWorker.run(SuiteRunnerWorker.java:95)
at org.testng.TestNG.runSuitesSequentially(TestNG.java:1274)
at org.testng.TestNG.runSuitesLocally(TestNG.java:1208)
at org.testng.TestNG.runSuites(TestNG.java:1112)
at org.testng.TestNG.run(TestNG.java:1079)
at org.apache.maven.surefire.testng.TestNGExecutor.run(TestNGExecutor.java:308)
at org.apache.maven.surefire.testng.TestNGXmlTestSuite.execute(TestNGXmlTestSuite.java:71)
at org.apache.maven.surefire.testng.TestNGProvider.invoke(TestNGProvider.java:113)
at org.apache.maven.surefire.booter.ForkedBooter.runSuitesInProcess(ForkedBooter.java:385)
at org.apache.maven.surefire.booter.ForkedBooter.execute(ForkedBooter.java:162)
at org.apache.maven.surefire.booter.ForkedBooter.run(ForkedBooter.java:507)
at org.apache.maven.surefire.booter.ForkedBooter.main(ForkedBooter.java:495)
]]>
            </full-stacktrace>
          </exception> <!-- java.lang.AssertionError -->
          <reporter-output>
          </reporter-output>
        </test-method> <!-- validateTheHoliBtnTest -->
        <test-method is-config="true" signature="tearDown()[pri:0, instance:testCases.Mainmaster_hoidayTest@13d9cbf5]" started-at="2025-03-20T12:42:30 IST" name="tearDown" finished-at="2025-03-20T12:42:32 IST" duration-ms="2164" status="PASS">
          <reporter-output>
          </reporter-output>
        </test-method> <!-- tearDown -->
        <test-method is-config="true" signature="setup()[pri:0, instance:testCases.Mainmaster_hoidayTest@13d9cbf5]" started-at="2025-03-20T12:42:32 IST" name="setup" finished-at="2025-03-20T12:42:44 IST" duration-ms="11875" status="PASS">
          <reporter-output>
          </reporter-output>
        </test-method> <!-- setup -->
        <test-method signature="validateTheHoliBtnTest()[pri:0, instance:testCases.Mainmaster_hoidayTest@13d9cbf5]" started-at="2025-03-20T12:42:44 IST" name="validateTheHoliBtnTest" finished-at="2025-03-20T12:42:47 IST" duration-ms="3021" status="FAIL">
          <exception class="java.lang.AssertionError">
            <message>
              <![CDATA[Navigation to Main Master Page failed: URLs do not match.  expected [https://staging-mmsadmin.basispay.in/sidenav/governmentholidy] but found [https://staging-mmsadmin.basispay.in/sidenav/governmentholiday]]]>
            </message>
            <full-stacktrace>
              <![CDATA[java.lang.AssertionError: Navigation to Main Master Page failed: URLs do not match.  expected [https://staging-mmsadmin.basispay.in/sidenav/governmentholidy] but found [https://staging-mmsadmin.basispay.in/sidenav/governmentholiday]
at org.testng.Assert.fail(Assert.java:111)
at org.testng.Assert.failNotEquals(Assert.java:1578)
at org.testng.Assert.assertEqualsImpl(Assert.java:150)
at org.testng.Assert.assertEquals(Assert.java:132)
at org.testng.Assert.assertEquals(Assert.java:656)
at testCases.Mainmaster_hoidayTest.validateTheHoliBtnTest(Mainmaster_hoidayTest.java:54)
at java.base/jdk.internal.reflect.DirectMethodHandleAccessor.invoke(DirectMethodHandleAccessor.java:103)
at java.base/java.lang.reflect.Method.invoke(Method.java:580)
at org.testng.internal.invokers.MethodInvocationHelper.invokeMethod(MethodInvocationHelper.java:141)
at org.testng.internal.invokers.TestInvoker.invokeMethod(TestInvoker.java:686)
at org.testng.internal.invokers.TestInvoker.retryFailed(TestInvoker.java:269)
at org.testng.internal.invokers.MethodRunner.runInSequence(MethodRunner.java:76)
at org.testng.internal.invokers.TestInvoker$MethodInvocationAgent.invoke(TestInvoker.java:992)
at org.testng.internal.invokers.TestInvoker.invokeTestMethods(TestInvoker.java:203)
at org.testng.internal.invokers.TestMethodWorker.invokeTestMethods(TestMethodWorker.java:154)
at org.testng.internal.invokers.TestMethodWorker.run(TestMethodWorker.java:134)
at java.base/java.util.ArrayList.forEach(ArrayList.java:1597)
at org.testng.TestRunner.privateRun(TestRunner.java:739)
at org.testng.TestRunner.run(TestRunner.java:614)
at org.testng.SuiteRunner.runTest(SuiteRunner.java:421)
at org.testng.SuiteRunner.runSequentially(SuiteRunner.java:413)
at org.testng.SuiteRunner.privateRun(SuiteRunner.java:373)
at org.testng.SuiteRunner.run(SuiteRunner.java:312)
at org.testng.SuiteRunnerWorker.runSuite(SuiteRunnerWorker.java:52)
at org.testng.SuiteRunnerWorker.run(SuiteRunnerWorker.java:95)
at org.testng.TestNG.runSuitesSequentially(TestNG.java:1274)
at org.testng.TestNG.runSuitesLocally(TestNG.java:1208)
at org.testng.TestNG.runSuites(TestNG.java:1112)
at org.testng.TestNG.run(TestNG.java:1079)
at org.apache.maven.surefire.testng.TestNGExecutor.run(TestNGExecutor.java:308)
at org.apache.maven.surefire.testng.TestNGXmlTestSuite.execute(TestNGXmlTestSuite.java:71)
at org.apache.maven.surefire.testng.TestNGProvider.invoke(TestNGProvider.java:113)
at org.apache.maven.surefire.booter.ForkedBooter.runSuitesInProcess(ForkedBooter.java:385)
at org.apache.maven.surefire.booter.ForkedBooter.execute(ForkedBooter.java:162)
at org.apache.maven.surefire.booter.ForkedBooter.run(ForkedBooter.java:507)
at org.apache.maven.surefire.booter.ForkedBooter.main(ForkedBooter.java:495)
]]>
            </full-stacktrace>
          </exception> <!-- java.lang.AssertionError -->
          <reporter-output>
          </reporter-output>
        </test-method> <!-- validateTheHoliBtnTest -->
        <test-method is-config="true" signature="tearDown()[pri:0, instance:testCases.Mainmaster_hoidayTest@13d9cbf5]" started-at="2025-03-20T12:42:49 IST" name="tearDown" finished-at="2025-03-20T12:42:51 IST" duration-ms="2025" status="PASS">
          <reporter-output>
          </reporter-output>
        </test-method> <!-- tearDown -->
      </class> <!-- testCases.Mainmaster_hoidayTest -->
      <class name="testCases.EmailConfigurationTest">
        <test-method is-config="true" signature="setup()[pri:0, instance:testCases.EmailConfigurationTest@478db956]" started-at="2025-03-20T12:42:51 IST" name="setup" finished-at="2025-03-20T12:43:01 IST" duration-ms="10714" status="PASS">
          <reporter-output>
          </reporter-output>
        </test-method> <!-- setup -->
        <test-method signature="emailcreationTest(java.lang.String)[pri:0, instance:testCases.EmailConfigurationTest@478db956]" started-at="2025-03-20T12:43:01 IST" name="emailcreationTest" data-provider="Emaildata" finished-at="2025-03-20T12:43:02 IST" duration-ms="723" status="PASS">
          <params>
            <param index="0">
              <value>
                <![CDATA[prakash.p@babujiventures.in]]>
              </value>
            </param>
          </params>
          <reporter-output>
          </reporter-output>
        </test-method> <!-- emailcreationTest -->
        <test-method is-config="true" signature="tearDown()[pri:0, instance:testCases.EmailConfigurationTest@478db956]" started-at="2025-03-20T12:43:02 IST" name="tearDown" finished-at="2025-03-20T12:43:03 IST" duration-ms="484" status="PASS">
          <reporter-output>
          </reporter-output>
        </test-method> <!-- tearDown -->
      </class> <!-- testCases.EmailConfigurationTest -->
      <class name="testCases.LoginTest">
        <test-method is-config="true" signature="loadConfig()[pri:0, instance:testCases.LoginTest@35a3d49f]" started-at="2025-03-20T12:40:06 IST" name="loadConfig" finished-at="2025-03-20T12:40:06 IST" duration-ms="2" status="PASS">
          <reporter-output>
          </reporter-output>
        </test-method> <!-- loadConfig -->
        <test-method is-config="true" signature="setup()[pri:0, instance:testCases.LoginTest@35a3d49f]" started-at="2025-03-20T12:40:06 IST" name="setup" finished-at="2025-03-20T12:40:15 IST" duration-ms="9623" status="PASS">
          <reporter-output>
          </reporter-output>
        </test-method> <!-- setup -->
        <test-method signature="loginTest()[pri:0, instance:testCases.LoginTest@35a3d49f]" started-at="2025-03-20T12:40:15 IST" name="loginTest" finished-at="2025-03-20T12:40:19 IST" duration-ms="3553" status="PASS">
          <reporter-output>
          </reporter-output>
        </test-method> <!-- loginTest -->
        <test-method is-config="true" signature="tearDown()[pri:0, instance:testCases.LoginTest@35a3d49f]" started-at="2025-03-20T12:40:19 IST" name="tearDown" finished-at="2025-03-20T12:40:19 IST" duration-ms="342" status="PASS">
          <reporter-output>
          </reporter-output>
        </test-method> <!-- tearDown -->
        <test-method is-config="true" signature="CreateReport()[pri:0, instance:testCases.LoginTest@35a3d49f]" started-at="2025-03-20T12:43:03 IST" name="CreateReport" finished-at="2025-03-20T12:43:03 IST" duration-ms="117" status="PASS">
          <reporter-output>
          </reporter-output>
        </test-method> <!-- CreateReport -->
      </class> <!-- testCases.LoginTest -->
      <class name="testCases.HolidayTest">
        <test-method is-config="true" signature="setup()[pri:0, instance:testCases.HolidayTest@389b0789]" started-at="2025-03-20T12:40:19 IST" name="setup" finished-at="2025-03-20T12:40:31 IST" duration-ms="11727" status="PASS">
          <reporter-output>
          </reporter-output>
        </test-method> <!-- setup -->
        <test-method signature="HolidayCreationTest(java.lang.String,java.lang.String)[pri:0, instance:testCases.HolidayTest@389b0789]" started-at="2025-03-20T12:40:31 IST" name="HolidayCreationTest" data-provider="HolidayProvider" finished-at="2025-03-20T12:40:32 IST" duration-ms="488" status="PASS">
          <params>
            <param index="0">
              <value>
                <![CDATA[Sunday]]>
              </value>
            </param>
            <param index="1">
              <value>
                <![CDATA[may]]>
              </value>
            </param>
          </params>
          <reporter-output>
          </reporter-output>
        </test-method> <!-- HolidayCreationTest -->
        <test-method is-config="true" signature="tearDown()[pri:0, instance:testCases.HolidayTest@389b0789]" started-at="2025-03-20T12:40:32 IST" name="tearDown" finished-at="2025-03-20T12:40:32 IST" duration-ms="387" status="PASS">
          <reporter-output>
          </reporter-output>
        </test-method> <!-- tearDown -->
        <test-method is-config="true" signature="setup()[pri:0, instance:testCases.HolidayTest@389b0789]" started-at="2025-03-20T12:40:32 IST" name="setup" finished-at="2025-03-20T12:40:43 IST" duration-ms="10486" status="PASS">
          <reporter-output>
          </reporter-output>
        </test-method> <!-- setup -->
        <test-method signature="HolidayCreationTest(java.lang.String,java.lang.String)[pri:0, instance:testCases.HolidayTest@389b0789]" started-at="2025-03-20T12:40:43 IST" name="HolidayCreationTest" data-provider="HolidayProvider" finished-at="2025-03-20T12:40:43 IST" duration-ms="503" status="PASS">
          <params>
            <param index="0">
              <value>
                <![CDATA[Monday]]>
              </value>
            </param>
            <param index="1">
              <value>
                <![CDATA[12.2.2026]]>
              </value>
            </param>
          </params>
          <reporter-output>
          </reporter-output>
        </test-method> <!-- HolidayCreationTest -->
        <test-method is-config="true" signature="tearDown()[pri:0, instance:testCases.HolidayTest@389b0789]" started-at="2025-03-20T12:40:43 IST" name="tearDown" finished-at="2025-03-20T12:40:44 IST" duration-ms="738" status="PASS">
          <reporter-output>
          </reporter-output>
        </test-method> <!-- tearDown -->
        <test-method is-config="true" signature="setup()[pri:0, instance:testCases.HolidayTest@389b0789]" started-at="2025-03-20T12:40:44 IST" name="setup" finished-at="2025-03-20T12:40:55 IST" duration-ms="11428" status="PASS">
          <reporter-output>
          </reporter-output>
        </test-method> <!-- setup -->
        <test-method signature="HolidayCreationTest(java.lang.String,java.lang.String)[pri:0, instance:testCases.HolidayTest@389b0789]" started-at="2025-03-20T12:40:55 IST" name="HolidayCreationTest" data-provider="HolidayProvider" finished-at="2025-03-20T12:40:56 IST" duration-ms="323" status="PASS">
          <params>
            <param index="0">
              <value>
                <![CDATA[Tuesday]]>
              </value>
            </param>
            <param index="1">
              <value>
                <![CDATA[12.2.2027]]>
              </value>
            </param>
          </params>
          <reporter-output>
          </reporter-output>
        </test-method> <!-- HolidayCreationTest -->
        <test-method is-config="true" signature="tearDown()[pri:0, instance:testCases.HolidayTest@389b0789]" started-at="2025-03-20T12:40:56 IST" name="tearDown" finished-at="2025-03-20T12:40:56 IST" duration-ms="713" status="PASS">
          <reporter-output>
          </reporter-output>
        </test-method> <!-- tearDown -->
        <test-method is-config="true" signature="setup()[pri:0, instance:testCases.HolidayTest@389b0789]" started-at="2025-03-20T12:40:56 IST" name="setup" finished-at="2025-03-20T12:41:06 IST" duration-ms="9974" status="PASS">
          <reporter-output>
          </reporter-output>
        </test-method> <!-- setup -->
        <test-method signature="HolidayCreationTest(java.lang.String,java.lang.String)[pri:0, instance:testCases.HolidayTest@389b0789]" started-at="2025-03-20T12:41:06 IST" name="HolidayCreationTest" data-provider="HolidayProvider" finished-at="2025-03-20T12:41:07 IST" duration-ms="437" status="PASS">
          <params>
            <param index="0">
              <value>
                <![CDATA[Wednesday]]>
              </value>
            </param>
            <param index="1">
              <value>
                <![CDATA[12.2.2028]]>
              </value>
            </param>
          </params>
          <reporter-output>
          </reporter-output>
        </test-method> <!-- HolidayCreationTest -->
        <test-method is-config="true" signature="tearDown()[pri:0, instance:testCases.HolidayTest@389b0789]" started-at="2025-03-20T12:41:07 IST" name="tearDown" finished-at="2025-03-20T12:41:07 IST" duration-ms="396" status="PASS">
          <reporter-output>
          </reporter-output>
        </test-method> <!-- tearDown -->
        <test-method is-config="true" signature="setup()[pri:0, instance:testCases.HolidayTest@389b0789]" started-at="2025-03-20T12:41:07 IST" name="setup" finished-at="2025-03-20T12:41:18 IST" duration-ms="11148" status="PASS">
          <reporter-output>
          </reporter-output>
        </test-method> <!-- setup -->
        <test-method signature="HolidayCreationTest(java.lang.String,java.lang.String)[pri:0, instance:testCases.HolidayTest@389b0789]" started-at="2025-03-20T12:41:18 IST" name="HolidayCreationTest" data-provider="HolidayProvider" finished-at="2025-03-20T12:41:19 IST" duration-ms="508" status="PASS">
          <params>
            <param index="0">
              <value>
                <![CDATA[Thursday]]>
              </value>
            </param>
            <param index="1">
              <value>
                <![CDATA[12.2.2029]]>
              </value>
            </param>
          </params>
          <reporter-output>
          </reporter-output>
        </test-method> <!-- HolidayCreationTest -->
        <test-method is-config="true" signature="tearDown()[pri:0, instance:testCases.HolidayTest@389b0789]" started-at="2025-03-20T12:41:19 IST" name="tearDown" finished-at="2025-03-20T12:41:19 IST" duration-ms="475" status="PASS">
          <reporter-output>
          </reporter-output>
        </test-method> <!-- tearDown -->
        <test-method is-config="true" signature="setup()[pri:0, instance:testCases.HolidayTest@389b0789]" started-at="2025-03-20T12:41:19 IST" name="setup" finished-at="2025-03-20T12:41:30 IST" duration-ms="10644" status="PASS">
          <reporter-output>
          </reporter-output>
        </test-method> <!-- setup -->
        <test-method signature="HolidayCreationTest(java.lang.String,java.lang.String)[pri:0, instance:testCases.HolidayTest@389b0789]" started-at="2025-03-20T12:41:30 IST" name="HolidayCreationTest" data-provider="HolidayProvider" finished-at="2025-03-20T12:41:30 IST" duration-ms="504" status="PASS">
          <params>
            <param index="0">
              <value>
                <![CDATA[Friday]]>
              </value>
            </param>
            <param index="1">
              <value>
                <![CDATA[12.2.2030]]>
              </value>
            </param>
          </params>
          <reporter-output>
          </reporter-output>
        </test-method> <!-- HolidayCreationTest -->
        <test-method is-config="true" signature="tearDown()[pri:0, instance:testCases.HolidayTest@389b0789]" started-at="2025-03-20T12:41:30 IST" name="tearDown" finished-at="2025-03-20T12:41:31 IST" duration-ms="489" status="PASS">
          <reporter-output>
          </reporter-output>
        </test-method> <!-- tearDown -->
        <test-method is-config="true" signature="setup()[pri:0, instance:testCases.HolidayTest@389b0789]" started-at="2025-03-20T12:41:31 IST" name="setup" finished-at="2025-03-20T12:41:46 IST" duration-ms="15073" status="PASS">
          <reporter-output>
          </reporter-output>
        </test-method> <!-- setup -->
        <test-method signature="HolidayCreationTest(java.lang.String,java.lang.String)[pri:0, instance:testCases.HolidayTest@389b0789]" started-at="2025-03-20T12:41:46 IST" name="HolidayCreationTest" data-provider="HolidayProvider" finished-at="2025-03-20T12:41:46 IST" duration-ms="508" status="PASS">
          <params>
            <param index="0">
              <value>
                <![CDATA[Saturday]]>
              </value>
            </param>
            <param index="1">
              <value>
                <![CDATA[12.2.2031]]>
              </value>
            </param>
          </params>
          <reporter-output>
          </reporter-output>
        </test-method> <!-- HolidayCreationTest -->
        <test-method is-config="true" signature="tearDown()[pri:0, instance:testCases.HolidayTest@389b0789]" started-at="2025-03-20T12:41:46 IST" name="tearDown" finished-at="2025-03-20T12:41:47 IST" duration-ms="603" status="PASS">
          <reporter-output>
          </reporter-output>
        </test-method> <!-- tearDown -->
        <test-method is-config="true" signature="setup()[pri:0, instance:testCases.HolidayTest@389b0789]" started-at="2025-03-20T12:41:47 IST" name="setup" finished-at="2025-03-20T12:42:02 IST" duration-ms="14923" status="PASS">
          <reporter-output>
          </reporter-output>
        </test-method> <!-- setup -->
        <test-method signature="HolidayCreationTest(java.lang.String,java.lang.String)[pri:0, instance:testCases.HolidayTest@389b0789]" started-at="2025-03-20T12:42:02 IST" name="HolidayCreationTest" data-provider="HolidayProvider" finished-at="2025-03-20T12:42:02 IST" duration-ms="412" status="PASS">
          <params>
            <param index="0">
              <value>
                <![CDATA[Sunday]]>
              </value>
            </param>
            <param index="1">
              <value>
                <![CDATA[12.2.2032]]>
              </value>
            </param>
          </params>
          <reporter-output>
          </reporter-output>
        </test-method> <!-- HolidayCreationTest -->
        <test-method is-config="true" signature="tearDown()[pri:0, instance:testCases.HolidayTest@389b0789]" started-at="2025-03-20T12:42:02 IST" name="tearDown" finished-at="2025-03-20T12:42:03 IST" duration-ms="1047" status="PASS">
          <reporter-output>
          </reporter-output>
        </test-method> <!-- tearDown -->
        <test-method is-config="true" signature="setup()[pri:0, instance:testCases.HolidayTest@389b0789]" started-at="2025-03-20T12:42:03 IST" name="setup" finished-at="2025-03-20T12:42:14 IST" duration-ms="10942" status="PASS">
          <reporter-output>
          </reporter-output>
        </test-method> <!-- setup -->
        <test-method signature="HolidayCreationTest(java.lang.String,java.lang.String)[pri:0, instance:testCases.HolidayTest@389b0789]" started-at="2025-03-20T12:42:14 IST" name="HolidayCreationTest" data-provider="HolidayProvider" finished-at="2025-03-20T12:42:15 IST" duration-ms="470" status="PASS">
          <params>
            <param index="0">
              <value>
                <![CDATA[Monday]]>
              </value>
            </param>
            <param index="1">
              <value>
                <![CDATA[12.2.2033]]>
              </value>
            </param>
          </params>
          <reporter-output>
          </reporter-output>
        </test-method> <!-- HolidayCreationTest -->
        <test-method is-config="true" signature="tearDown()[pri:0, instance:testCases.HolidayTest@389b0789]" started-at="2025-03-20T12:42:15 IST" name="tearDown" finished-at="2025-03-20T12:42:15 IST" duration-ms="565" status="PASS">
          <reporter-output>
          </reporter-output>
        </test-method> <!-- tearDown -->
        <test-method signature="SearchFuncTest(java.lang.String)[pri:0, instance:testCases.HolidayTest@389b0789]" started-at="2025-03-20T12:42:15 IST" name="SearchFuncTest" finished-at="2025-03-20T12:42:15 IST" duration-ms="0" status="FAIL">
          <exception class="org.testng.TestNGException">
            <message>
              <![CDATA[
Cannot inject @Test annotated Method [SearchFuncTest] with [class java.lang.String].
For more information on native dependency injection please refer to https://testng.org/#_dependency_injection]]>
            </message>
            <full-stacktrace>
              <![CDATA[org.testng.TestNGException: 
Cannot inject @Test annotated Method [SearchFuncTest] with [class java.lang.String].
For more information on native dependency injection please refer to https://testng.org/#_dependency_injection
at org.testng.internal.Parameters.checkParameterTypes(Parameters.java:442)
at org.testng.internal.Parameters.createParametersForMethod(Parameters.java:347)
at org.testng.internal.Parameters.createParameters(Parameters.java:699)
at org.testng.internal.Parameters.handleParameters(Parameters.java:885)
at org.testng.internal.Parameters.handleParameters(Parameters.java:734)
at org.testng.internal.invokers.ParameterHandler.handleParameters(ParameterHandler.java:72)
at org.testng.internal.invokers.ParameterHandler.createParameters(ParameterHandler.java:51)
at org.testng.internal.invokers.TestInvoker$MethodInvocationAgent.invoke(TestInvoker.java:946)
at org.testng.internal.invokers.TestInvoker.invokeTestMethods(TestInvoker.java:203)
at org.testng.internal.invokers.TestMethodWorker.invokeTestMethods(TestMethodWorker.java:154)
at org.testng.internal.invokers.TestMethodWorker.run(TestMethodWorker.java:134)
at java.base/java.util.ArrayList.forEach(ArrayList.java:1597)
at org.testng.TestRunner.privateRun(TestRunner.java:739)
at org.testng.TestRunner.run(TestRunner.java:614)
at org.testng.SuiteRunner.runTest(SuiteRunner.java:421)
at org.testng.SuiteRunner.runSequentially(SuiteRunner.java:413)
at org.testng.SuiteRunner.privateRun(SuiteRunner.java:373)
at org.testng.SuiteRunner.run(SuiteRunner.java:312)
at org.testng.SuiteRunnerWorker.runSuite(SuiteRunnerWorker.java:52)
at org.testng.SuiteRunnerWorker.run(SuiteRunnerWorker.java:95)
at org.testng.TestNG.runSuitesSequentially(TestNG.java:1274)
at org.testng.TestNG.runSuitesLocally(TestNG.java:1208)
at org.testng.TestNG.runSuites(TestNG.java:1112)
at org.testng.TestNG.run(TestNG.java:1079)
at org.apache.maven.surefire.testng.TestNGExecutor.run(TestNGExecutor.java:308)
at org.apache.maven.surefire.testng.TestNGXmlTestSuite.execute(TestNGXmlTestSuite.java:71)
at org.apache.maven.surefire.testng.TestNGProvider.invoke(TestNGProvider.java:113)
at org.apache.maven.surefire.booter.ForkedBooter.runSuitesInProcess(ForkedBooter.java:385)
at org.apache.maven.surefire.booter.ForkedBooter.execute(ForkedBooter.java:162)
at org.apache.maven.surefire.booter.ForkedBooter.run(ForkedBooter.java:507)
at org.apache.maven.surefire.booter.ForkedBooter.main(ForkedBooter.java:495)
]]>
            </full-stacktrace>
          </exception> <!-- org.testng.TestNGException -->
          <reporter-output>
          </reporter-output>
        </test-method> <!-- SearchFuncTest -->
      </class> <!-- testCases.HolidayTest -->
    </test> <!-- basic tests -->
  </suite> <!-- Suite (0) -->
</testng-results>
