<?xml version="1.0" encoding="UTF-8"?>
<testng-results ignored="0" total="1" passed="1" failed="0" skipped="0">
  <reporter-output>
  </reporter-output>
  <suite started-at="2025-03-20T15:35:53 IST" name="Suite" finished-at="2025-03-20T15:36:07 IST" duration-ms="13755">
    <groups>
    </groups>
    <test started-at="2025-03-20T15:35:53 IST" name="Regression test" finished-at="2025-03-20T15:36:07 IST" duration-ms="13755">
      <class name="testCases.LoginTest">
        <test-method is-config="true" signature="loadConfig()[pri:0, instance:testCases.LoginTest@435871cb]" started-at="2025-03-20T15:35:53 IST" name="loadConfig" finished-at="2025-03-20T15:35:53 IST" duration-ms="272" status="PASS">
          <reporter-output>
          </reporter-output>
        </test-method> <!-- loadConfig -->
        <test-method is-config="true" signature="setup()[pri:0, instance:testCases.LoginTest@435871cb]" started-at="2025-03-20T15:35:53 IST" name="setup" finished-at="2025-03-20T15:36:03 IST" duration-ms="9980" status="PASS">
          <reporter-output>
          </reporter-output>
        </test-method> <!-- setup -->
        <test-method signature="loginTest()[pri:0, instance:testCases.LoginTest@435871cb]" started-at="2025-03-20T15:36:03 IST" name="loginTest" finished-at="2025-03-20T15:36:07 IST" duration-ms="3456" status="PASS">
          <reporter-output>
          </reporter-output>
        </test-method> <!-- loginTest -->
        <test-method is-config="true" signature="tearDown()[pri:0, instance:testCases.LoginTest@435871cb]" started-at="2025-03-20T15:36:07 IST" name="tearDown" finished-at="2025-03-20T15:36:07 IST" duration-ms="284" status="PASS">
          <reporter-output>
          </reporter-output>
        </test-method> <!-- tearDown -->
        <test-method is-config="true" signature="CreateReport()[pri:0, instance:testCases.LoginTest@435871cb]" started-at="2025-03-20T15:36:07 IST" name="CreateReport" finished-at="2025-03-20T15:36:08 IST" duration-ms="332" status="PASS">
          <reporter-output>
          </reporter-output>
        </test-method> <!-- CreateReport -->
      </class> <!-- testCases.LoginTest -->
    </test> <!-- Regression test -->
  </suite> <!-- Suite -->
</testng-results>
