<?xml version="1.0" encoding="UTF-8"?>
<testsuite xmlns:xsi="http://www.w3.org/2001/XMLSchema-instance" xsi:noNamespaceSchemaLocation="https://maven.apache.org/surefire/maven-surefire-plugin/xsd/surefire-test-report.xsd" version="3.0.2" name="TestSuite" time="15.541" tests="1" errors="0" skipped="0" failures="0">
  <properties>
[...]
</properties>
  <testcase name="loginTest" classname="testCases.LoginTest" time="3.458">
    <system-out><![CDATA[2025-03-20T10:05:53.260093Z main ERROR File contains an invalid element or attribute "JsonTemplateLayout"
Text "majeeth.h@babujiventures.in" entered successfully into the element.
Text "Test@123" entered successfully into the element.
Implicit wait set to 5 seconds.
Current URL of the page is: "https://staging-mmsadmin.basispay.in/sidenav/dashboard"
]]></system-out>
    <system-err><![CDATA[Mar 20, 2025 3:36:02 PM org.openqa.selenium.devtools.CdpVersionFinder findNearestMatch
WARNING: Unable to find CDP implementation matching 134
Mar 20, 2025 3:36:02 PM org.openqa.selenium.chromium.ChromiumDriver lambda$new$5
WARNING: Unable to find version of CDP to use for 134.0.6998.89. You may need to include a dependency on a specific version of the CDP using something similar to `org.seleniumhq.selenium:selenium-devtools-v86:4.22.0` where the version ("v86") matches the version of the chromium-based browser you're using and the version number of the artifact is the same as Selenium's.
]]></system-err>
  </testcase>
</testsuite>