<?xml version="1.0" encoding="UTF-8"?>
<testsuite xmlns:xsi="http://www.w3.org/2001/XMLSchema-instance" xsi:noNamespaceSchemaLocation="https://maven.apache.org/surefire/maven-surefire-plugin/xsd/surefire-test-report.xsd" version="3.0.2" name="TestSuite" time="313.101" tests="25" errors="0" skipped="1" failures="3">
  <properties>
[...]
</properties>
  <testcase name="loginTest" classname="testCases.LoginTest" time="3.808">
    <system-out><![CDATA[12:37:50.741 [main] DEBUG org.testng.TestNG - suiteXmlPath: "C:\Users\Basispay\Desktop\1\testng2.xml"
12:37:50.955 [main] DEBUG org.testng.TestNG - suiteXmlPath: "C:\Users\Basispay\Desktop\1\testng.xml"
12:37:52.363 [main] DEBUG io.github.bonigarcia.wdm.WebDriverManager - Using WebDriverManager 5.9.3
12:37:52.836 [main] DEBUG io.github.bonigarcia.wdm.cache.ResolutionCache - Resolution firefox=136 in cache (valid until 13:22:41 20/03/2025 IST)
12:37:52.837 [main] DEBUG io.github.bonigarcia.wdm.cache.ResolutionCache - Resolution firefox136=0.36.0 in cache (valid until 09:54:39 21/03/2025 IST)
12:37:52.838 [main] INFO io.github.bonigarcia.wdm.WebDriverManager - Using geckodriver 0.36.0 (resolved driver for Firefox 136)
12:37:52.904 [main] DEBUG io.github.bonigarcia.wdm.WebDriverManager - Driver geckodriver 0.36.0 found in cache
12:37:52.905 [main] INFO io.github.bonigarcia.wdm.WebDriverManager - Exporting webdriver.gecko.driver as C:\Users\Basispay\.cache\selenium\geckodriver\win64\0.36.0\geckodriver.exe
12:38:01.346 [main] DEBUG io.github.bonigarcia.wdm.WebDriverManager - Using WebDriverManager 5.9.3
12:38:01.364 [main] DEBUG io.github.bonigarcia.wdm.cache.ResolutionCache - Resolution chrome=134 in cache (valid until 13:18:52 20/03/2025 IST)
12:38:01.364 [main] DEBUG io.github.bonigarcia.wdm.cache.ResolutionCache - Resolution chrome134=134.0.6998.90 in cache (valid until 11:17:40 21/03/2025 IST)
12:38:01.364 [main] INFO io.github.bonigarcia.wdm.WebDriverManager - Using chromedriver 134.0.6998.90 (resolved driver for Chrome 134)
12:38:01.387 [main] DEBUG io.github.bonigarcia.wdm.WebDriverManager - Driver chromedriver 134.0.6998.90 found in cache
12:38:01.388 [main] INFO io.github.bonigarcia.wdm.WebDriverManager - Exporting webdriver.chrome.driver as C:\Users\Basispay\.cache\selenium\chromedriver\win64\134.0.6998.90\chromedriver.exe
Text "majeeth.h@babujiventures.in" entered successfully into the element.
Text "Test@123" entered successfully into the element.
Implicit wait set to 5 seconds.
Current URL of the page is: "https://staging-mmsadmin.basispay.in/sidenav/dashboard"
]]></system-out>
    <system-err><![CDATA[[Fatal Error] log4j2.xml:2:2: The markup in the document preceding the root element must be well-formed.
ERROR StatusLogger Error parsing C:\Users\Basispay\Desktop\1\target\classes\log4j2.xml
 org.xml.sax.SAXParseException; systemId: file:///C:/Users/Basispay/Desktop/1/target/classes/log4j2.xml; lineNumber: 2; columnNumber: 2; The markup in the document preceding the root element must be well-formed.
	at java.xml/com.sun.org.apache.xerces.internal.parsers.DOMParser.parse(DOMParser.java:262)
	at java.xml/com.sun.org.apache.xerces.internal.jaxp.DocumentBuilderImpl.parse(DocumentBuilderImpl.java:342)
	at org.apache.logging.log4j.core.config.xml.XmlConfiguration.<init>(XmlConfiguration.java:94)
	at org.apache.logging.log4j.core.config.xml.XmlConfigurationFactory.getConfiguration(XmlConfigurationFactory.java:46)
	at org.apache.logging.log4j.core.config.ConfigurationFactory$Factory.getConfiguration(ConfigurationFactory.java:533)
	at org.apache.logging.log4j.core.config.ConfigurationFactory$Factory.getConfiguration(ConfigurationFactory.java:457)
	at org.apache.logging.log4j.core.config.ConfigurationFactory.getConfiguration(ConfigurationFactory.java:318)
	at org.apache.logging.log4j.core.LoggerContext.reconfigure(LoggerContext.java:690)
	at org.apache.logging.log4j.core.LoggerContext.reconfigure(LoggerContext.java:711)
	at org.apache.logging.log4j.core.LoggerContext.start(LoggerContext.java:253)
	at org.apache.logging.log4j.core.impl.Log4jContextFactory.getContext(Log4jContextFactory.java:155)
	at org.apache.logging.log4j.core.impl.Log4jContextFactory.getContext(Log4jContextFactory.java:47)
	at org.apache.logging.log4j.LogManager.getContext(LogManager.java:196)
	at org.apache.logging.log4j.LogManager.getLogger(LogManager.java:599)
	at utilities.Log.<clinit>(Log.java:11)
	at baseClass.BaseClass.loadConfig(BaseClass.java:35)
	at java.base/jdk.internal.reflect.DirectMethodHandleAccessor.invoke(DirectMethodHandleAccessor.java:103)
	at java.base/java.lang.reflect.Method.invoke(Method.java:580)
	at org.testng.internal.invokers.MethodInvocationHelper.invokeMethod(MethodInvocationHelper.java:141)
	at org.testng.internal.invokers.MethodInvocationHelper.invokeMethodConsideringTimeout(MethodInvocationHelper.java:71)
	at org.testng.internal.invokers.ConfigInvoker.invokeConfigurationMethod(ConfigInvoker.java:400)
	at org.testng.internal.invokers.ConfigInvoker.invokeConfigurations(ConfigInvoker.java:333)
	at org.testng.SuiteRunner.privateRun(SuiteRunner.java:358)
	at org.testng.SuiteRunner.run(SuiteRunner.java:312)
	at org.testng.SuiteRunnerWorker.runSuite(SuiteRunnerWorker.java:52)
	at org.testng.SuiteRunnerWorker.run(SuiteRunnerWorker.java:95)
	at org.testng.TestNG.runSuitesSequentially(TestNG.java:1274)
	at org.testng.TestNG.runSuitesLocally(TestNG.java:1208)
	at org.testng.TestNG.runSuites(TestNG.java:1112)
	at org.testng.TestNG.run(TestNG.java:1079)
	at org.apache.maven.surefire.testng.TestNGExecutor.run(TestNGExecutor.java:308)
	at org.apache.maven.surefire.testng.TestNGXmlTestSuite.execute(TestNGXmlTestSuite.java:71)
	at org.apache.maven.surefire.testng.TestNGProvider.invoke(TestNGProvider.java:113)
	at org.apache.maven.surefire.booter.ForkedBooter.runSuitesInProcess(ForkedBooter.java:385)
	at org.apache.maven.surefire.booter.ForkedBooter.execute(ForkedBooter.java:162)
	at org.apache.maven.surefire.booter.ForkedBooter.run(ForkedBooter.java:507)
	at org.apache.maven.surefire.booter.ForkedBooter.main(ForkedBooter.java:495)
ERROR StatusLogger No logging configuration
Mar 20, 2025 12:38:05 PM org.openqa.selenium.devtools.CdpVersionFinder findNearestMatch
WARNING: Unable to find CDP implementation matching 134
Mar 20, 2025 12:38:05 PM org.openqa.selenium.chromium.ChromiumDriver lambda$new$5
WARNING: Unable to find version of CDP to use for 134.0.6998.89. You may need to include a dependency on a specific version of the CDP using something similar to `org.seleniumhq.selenium:selenium-devtools-v86:4.22.0` where the version ("v86") matches the version of the chromium-based browser you're using and the version number of the artifact is the same as Selenium's.
]]></system-err>
  </testcase>
  <testcase name="loginTest" classname="testCases.LoginTest" time="3.553">
    <system-out><![CDATA[12:40:06.211 [main] DEBUG io.github.bonigarcia.wdm.WebDriverManager - Using WebDriverManager 5.9.3
12:40:06.223 [main] DEBUG io.github.bonigarcia.wdm.cache.ResolutionCache - Resolution firefox=136 in cache (valid until 13:22:41 20/03/2025 IST)
12:40:06.224 [main] DEBUG io.github.bonigarcia.wdm.cache.ResolutionCache - Resolution firefox136=0.36.0 in cache (valid until 09:54:39 21/03/2025 IST)
12:40:06.224 [main] INFO io.github.bonigarcia.wdm.WebDriverManager - Using geckodriver 0.36.0 (resolved driver for Firefox 136)
12:40:06.242 [main] DEBUG io.github.bonigarcia.wdm.WebDriverManager - Driver geckodriver 0.36.0 found in cache
12:40:06.243 [main] INFO io.github.bonigarcia.wdm.WebDriverManager - Exporting webdriver.gecko.driver as C:\Users\Basispay\.cache\selenium\geckodriver\win64\0.36.0\geckodriver.exe
12:40:11.140 [main] DEBUG io.github.bonigarcia.wdm.WebDriverManager - Using WebDriverManager 5.9.3
12:40:11.175 [main] DEBUG io.github.bonigarcia.wdm.cache.ResolutionCache - Resolution chrome=134 in cache (valid until 13:18:52 20/03/2025 IST)
12:40:11.175 [main] DEBUG io.github.bonigarcia.wdm.cache.ResolutionCache - Resolution chrome134=134.0.6998.90 in cache (valid until 11:17:40 21/03/2025 IST)
12:40:11.175 [main] INFO io.github.bonigarcia.wdm.WebDriverManager - Using chromedriver 134.0.6998.90 (resolved driver for Chrome 134)
12:40:11.198 [main] DEBUG io.github.bonigarcia.wdm.WebDriverManager - Driver chromedriver 134.0.6998.90 found in cache
12:40:11.198 [main] INFO io.github.bonigarcia.wdm.WebDriverManager - Exporting webdriver.chrome.driver as C:\Users\Basispay\.cache\selenium\chromedriver\win64\134.0.6998.90\chromedriver.exe
Text "majeeth.h@babujiventures.in" entered successfully into the element.
Text "Test@123" entered successfully into the element.
Implicit wait set to 5 seconds.
Current URL of the page is: "https://staging-mmsadmin.basispay.in/sidenav/dashboard"
]]></system-out>
    <system-err><![CDATA[Mar 20, 2025 12:40:13 PM org.openqa.selenium.devtools.CdpVersionFinder findNearestMatch
WARNING: Unable to find CDP implementation matching 134
Mar 20, 2025 12:40:13 PM org.openqa.selenium.chromium.ChromiumDriver lambda$new$5
WARNING: Unable to find version of CDP to use for 134.0.6998.89. You may need to include a dependency on a specific version of the CDP using something similar to `org.seleniumhq.selenium:selenium-devtools-v86:4.22.0` where the version ("v86") matches the version of the chromium-based browser you're using and the version number of the artifact is the same as Selenium's.
]]></system-err>
  </testcase>
  <testcase name="HolidayCreationTest[Sunday, may](1)" classname="testCases.HolidayTest" time="0.51">
    <system-out><![CDATA[12:38:12.616 [main] DEBUG io.github.bonigarcia.wdm.WebDriverManager - Using WebDriverManager 5.9.3
12:38:12.635 [main] DEBUG io.github.bonigarcia.wdm.cache.ResolutionCache - Resolution chrome=134 in cache (valid until 13:18:52 20/03/2025 IST)
12:38:12.635 [main] DEBUG io.github.bonigarcia.wdm.cache.ResolutionCache - Resolution chrome134=134.0.6998.90 in cache (valid until 11:17:40 21/03/2025 IST)
12:38:12.635 [main] INFO io.github.bonigarcia.wdm.WebDriverManager - Using chromedriver 134.0.6998.90 (resolved driver for Chrome 134)
12:38:12.657 [main] DEBUG io.github.bonigarcia.wdm.WebDriverManager - Driver chromedriver 134.0.6998.90 found in cache
12:38:12.658 [main] INFO io.github.bonigarcia.wdm.WebDriverManager - Exporting webdriver.chrome.driver as C:\Users\Basispay\.cache\selenium\chromedriver\win64\134.0.6998.90\chromedriver.exe
Text "majeeth.h@babujiventures.in" entered successfully into the element.
Text "Test@123" entered successfully into the element.
Implicit wait set to 5 seconds.
Text "Sunday" entered successfully into the element.
Text "may" entered successfully into the element.
Element is Displayed
]]></system-out>
    <system-err><![CDATA[Mar 20, 2025 12:38:14 PM org.openqa.selenium.devtools.CdpVersionFinder findNearestMatch
WARNING: Unable to find CDP implementation matching 134
Mar 20, 2025 12:38:14 PM org.openqa.selenium.chromium.ChromiumDriver lambda$new$5
WARNING: Unable to find version of CDP to use for 134.0.6998.89. You may need to include a dependency on a specific version of the CDP using something similar to `org.seleniumhq.selenium:selenium-devtools-v86:4.22.0` where the version ("v86") matches the version of the chromium-based browser you're using and the version number of the artifact is the same as Selenium's.
]]></system-err>
  </testcase>
  <testcase name="HolidayCreationTest[Sunday, may](1)" classname="testCases.HolidayTest" time="0.495">
    <system-out><![CDATA[12:40:19.936 [main] DEBUG io.github.bonigarcia.wdm.WebDriverManager - Using WebDriverManager 5.9.3
12:40:19.946 [main] DEBUG io.github.bonigarcia.wdm.cache.ResolutionCache - Resolution chrome=134 in cache (valid until 13:18:52 20/03/2025 IST)
12:40:19.947 [main] DEBUG io.github.bonigarcia.wdm.cache.ResolutionCache - Resolution chrome134=134.0.6998.90 in cache (valid until 11:17:40 21/03/2025 IST)
12:40:19.947 [main] INFO io.github.bonigarcia.wdm.WebDriverManager - Using chromedriver 134.0.6998.90 (resolved driver for Chrome 134)
12:40:19.965 [main] DEBUG io.github.bonigarcia.wdm.WebDriverManager - Driver chromedriver 134.0.6998.90 found in cache
12:40:19.966 [main] INFO io.github.bonigarcia.wdm.WebDriverManager - Exporting webdriver.chrome.driver as C:\Users\Basispay\.cache\selenium\chromedriver\win64\134.0.6998.90\chromedriver.exe
Text "majeeth.h@babujiventures.in" entered successfully into the element.
Text "Test@123" entered successfully into the element.
Implicit wait set to 5 seconds.
Text "Sunday" entered successfully into the element.
Text "may" entered successfully into the element.
Element is Displayed
]]></system-out>
    <system-err><![CDATA[Mar 20, 2025 12:40:21 PM org.openqa.selenium.devtools.CdpVersionFinder findNearestMatch
WARNING: Unable to find CDP implementation matching 134
Mar 20, 2025 12:40:21 PM org.openqa.selenium.chromium.ChromiumDriver lambda$new$5
WARNING: Unable to find version of CDP to use for 134.0.6998.89. You may need to include a dependency on a specific version of the CDP using something similar to `org.seleniumhq.selenium:selenium-devtools-v86:4.22.0` where the version ("v86") matches the version of the chromium-based browser you're using and the version number of the artifact is the same as Selenium's.
]]></system-err>
  </testcase>
  <testcase name="HolidayCreationTest[Monday, 12.2.2026](2)" classname="testCases.HolidayTest" time="0.479">
    <system-out><![CDATA[12:38:25.497 [main] DEBUG io.github.bonigarcia.wdm.WebDriverManager - Using WebDriverManager 5.9.3
12:38:25.519 [main] DEBUG io.github.bonigarcia.wdm.cache.ResolutionCache - Resolution chrome=134 in cache (valid until 13:18:52 20/03/2025 IST)
12:38:25.520 [main] DEBUG io.github.bonigarcia.wdm.cache.ResolutionCache - Resolution chrome134=134.0.6998.90 in cache (valid until 11:17:40 21/03/2025 IST)
12:38:25.520 [main] INFO io.github.bonigarcia.wdm.WebDriverManager - Using chromedriver 134.0.6998.90 (resolved driver for Chrome 134)
12:38:25.541 [main] DEBUG io.github.bonigarcia.wdm.WebDriverManager - Driver chromedriver 134.0.6998.90 found in cache
12:38:25.542 [main] INFO io.github.bonigarcia.wdm.WebDriverManager - Exporting webdriver.chrome.driver as C:\Users\Basispay\.cache\selenium\chromedriver\win64\134.0.6998.90\chromedriver.exe
Text "majeeth.h@babujiventures.in" entered successfully into the element.
Text "Test@123" entered successfully into the element.
Implicit wait set to 5 seconds.
Text "Monday" entered successfully into the element.
Text "12.2.2026" entered successfully into the element.
Element is Displayed
]]></system-out>
    <system-err><![CDATA[Mar 20, 2025 12:38:27 PM org.openqa.selenium.devtools.CdpVersionFinder findNearestMatch
WARNING: Unable to find CDP implementation matching 134
Mar 20, 2025 12:38:27 PM org.openqa.selenium.chromium.ChromiumDriver lambda$new$5
WARNING: Unable to find version of CDP to use for 134.0.6998.89. You may need to include a dependency on a specific version of the CDP using something similar to `org.seleniumhq.selenium:selenium-devtools-v86:4.22.0` where the version ("v86") matches the version of the chromium-based browser you're using and the version number of the artifact is the same as Selenium's.
]]></system-err>
  </testcase>
  <testcase name="HolidayCreationTest[Monday, 12.2.2026](2)" classname="testCases.HolidayTest" time="0.516">
    <system-out><![CDATA[12:40:32.539 [main] DEBUG io.github.bonigarcia.wdm.WebDriverManager - Using WebDriverManager 5.9.3
12:40:32.551 [main] DEBUG io.github.bonigarcia.wdm.cache.ResolutionCache - Resolution chrome=134 in cache (valid until 13:18:52 20/03/2025 IST)
12:40:32.552 [main] DEBUG io.github.bonigarcia.wdm.cache.ResolutionCache - Resolution chrome134=134.0.6998.90 in cache (valid until 11:17:40 21/03/2025 IST)
12:40:32.552 [main] INFO io.github.bonigarcia.wdm.WebDriverManager - Using chromedriver 134.0.6998.90 (resolved driver for Chrome 134)
12:40:32.570 [main] DEBUG io.github.bonigarcia.wdm.WebDriverManager - Driver chromedriver 134.0.6998.90 found in cache
12:40:32.571 [main] INFO io.github.bonigarcia.wdm.WebDriverManager - Exporting webdriver.chrome.driver as C:\Users\Basispay\.cache\selenium\chromedriver\win64\134.0.6998.90\chromedriver.exe
Text "majeeth.h@babujiventures.in" entered successfully into the element.
Text "Test@123" entered successfully into the element.
Implicit wait set to 5 seconds.
Text "Monday" entered successfully into the element.
Text "12.2.2026" entered successfully into the element.
Element is Displayed
]]></system-out>
    <system-err><![CDATA[Mar 20, 2025 12:40:34 PM org.openqa.selenium.devtools.CdpVersionFinder findNearestMatch
WARNING: Unable to find CDP implementation matching 134
Mar 20, 2025 12:40:34 PM org.openqa.selenium.chromium.ChromiumDriver lambda$new$5
WARNING: Unable to find version of CDP to use for 134.0.6998.89. You may need to include a dependency on a specific version of the CDP using something similar to `org.seleniumhq.selenium:selenium-devtools-v86:4.22.0` where the version ("v86") matches the version of the chromium-based browser you're using and the version number of the artifact is the same as Selenium's.
]]></system-err>
  </testcase>
  <testcase name="HolidayCreationTest[Tuesday, 12.2.2027](3)" classname="testCases.HolidayTest" time="0.538">
    <system-out><![CDATA[12:38:38.390 [main] DEBUG io.github.bonigarcia.wdm.WebDriverManager - Using WebDriverManager 5.9.3
12:38:38.403 [main] DEBUG io.github.bonigarcia.wdm.cache.ResolutionCache - Resolution chrome=134 in cache (valid until 13:18:52 20/03/2025 IST)
12:38:38.404 [main] DEBUG io.github.bonigarcia.wdm.cache.ResolutionCache - Resolution chrome134=134.0.6998.90 in cache (valid until 11:17:40 21/03/2025 IST)
12:38:38.404 [main] INFO io.github.bonigarcia.wdm.WebDriverManager - Using chromedriver 134.0.6998.90 (resolved driver for Chrome 134)
12:38:38.430 [main] DEBUG io.github.bonigarcia.wdm.WebDriverManager - Driver chromedriver 134.0.6998.90 found in cache
12:38:38.431 [main] INFO io.github.bonigarcia.wdm.WebDriverManager - Exporting webdriver.chrome.driver as C:\Users\Basispay\.cache\selenium\chromedriver\win64\134.0.6998.90\chromedriver.exe
Text "majeeth.h@babujiventures.in" entered successfully into the element.
Text "Test@123" entered successfully into the element.
Implicit wait set to 5 seconds.
Text "Tuesday" entered successfully into the element.
Text "12.2.2027" entered successfully into the element.
Element is Displayed
]]></system-out>
    <system-err><![CDATA[Mar 20, 2025 12:38:40 PM org.openqa.selenium.devtools.CdpVersionFinder findNearestMatch
WARNING: Unable to find CDP implementation matching 134
Mar 20, 2025 12:38:40 PM org.openqa.selenium.chromium.ChromiumDriver lambda$new$5
WARNING: Unable to find version of CDP to use for 134.0.6998.89. You may need to include a dependency on a specific version of the CDP using something similar to `org.seleniumhq.selenium:selenium-devtools-v86:4.22.0` where the version ("v86") matches the version of the chromium-based browser you're using and the version number of the artifact is the same as Selenium's.
]]></system-err>
  </testcase>
  <testcase name="HolidayCreationTest[Tuesday, 12.2.2027](3)" classname="testCases.HolidayTest" time="0.323">
    <system-out><![CDATA[12:40:44.268 [main] DEBUG io.github.bonigarcia.wdm.WebDriverManager - Using WebDriverManager 5.9.3
12:40:44.280 [main] DEBUG io.github.bonigarcia.wdm.cache.ResolutionCache - Resolution chrome=134 in cache (valid until 13:18:52 20/03/2025 IST)
12:40:44.281 [main] DEBUG io.github.bonigarcia.wdm.cache.ResolutionCache - Resolution chrome134=134.0.6998.90 in cache (valid until 11:17:40 21/03/2025 IST)
12:40:44.281 [main] INFO io.github.bonigarcia.wdm.WebDriverManager - Using chromedriver 134.0.6998.90 (resolved driver for Chrome 134)
12:40:44.301 [main] DEBUG io.github.bonigarcia.wdm.WebDriverManager - Driver chromedriver 134.0.6998.90 found in cache
12:40:44.302 [main] INFO io.github.bonigarcia.wdm.WebDriverManager - Exporting webdriver.chrome.driver as C:\Users\Basispay\.cache\selenium\chromedriver\win64\134.0.6998.90\chromedriver.exe
Text "majeeth.h@babujiventures.in" entered successfully into the element.
Text "Test@123" entered successfully into the element.
Implicit wait set to 5 seconds.
Text "Tuesday" entered successfully into the element.
Text "12.2.2027" entered successfully into the element.
Element is Displayed
]]></system-out>
    <system-err><![CDATA[Mar 20, 2025 12:40:45 PM org.openqa.selenium.devtools.CdpVersionFinder findNearestMatch
WARNING: Unable to find CDP implementation matching 134
Mar 20, 2025 12:40:45 PM org.openqa.selenium.chromium.ChromiumDriver lambda$new$5
WARNING: Unable to find version of CDP to use for 134.0.6998.89. You may need to include a dependency on a specific version of the CDP using something similar to `org.seleniumhq.selenium:selenium-devtools-v86:4.22.0` where the version ("v86") matches the version of the chromium-based browser you're using and the version number of the artifact is the same as Selenium's.
]]></system-err>
  </testcase>
  <testcase name="HolidayCreationTest[Wednesday, 12.2.2028](4)" classname="testCases.HolidayTest" time="0.486">
    <system-out><![CDATA[12:38:52.477 [main] DEBUG io.github.bonigarcia.wdm.WebDriverManager - Using WebDriverManager 5.9.3
12:38:52.498 [main] DEBUG io.github.bonigarcia.wdm.cache.ResolutionCache - Resolution chrome=134 in cache (valid until 13:18:52 20/03/2025 IST)
12:38:52.499 [main] DEBUG io.github.bonigarcia.wdm.cache.ResolutionCache - Resolution chrome134=134.0.6998.90 in cache (valid until 11:17:40 21/03/2025 IST)
12:38:52.499 [main] INFO io.github.bonigarcia.wdm.WebDriverManager - Using chromedriver 134.0.6998.90 (resolved driver for Chrome 134)
12:38:52.523 [main] DEBUG io.github.bonigarcia.wdm.WebDriverManager - Driver chromedriver 134.0.6998.90 found in cache
12:38:52.524 [main] INFO io.github.bonigarcia.wdm.WebDriverManager - Exporting webdriver.chrome.driver as C:\Users\Basispay\.cache\selenium\chromedriver\win64\134.0.6998.90\chromedriver.exe
Text "majeeth.h@babujiventures.in" entered successfully into the element.
Text "Test@123" entered successfully into the element.
Implicit wait set to 5 seconds.
Text "Wednesday" entered successfully into the element.
Text "12.2.2028" entered successfully into the element.
Element is Displayed
]]></system-out>
    <system-err><![CDATA[Mar 20, 2025 12:38:54 PM org.openqa.selenium.devtools.CdpVersionFinder findNearestMatch
WARNING: Unable to find CDP implementation matching 134
Mar 20, 2025 12:38:54 PM org.openqa.selenium.chromium.ChromiumDriver lambda$new$5
WARNING: Unable to find version of CDP to use for 134.0.6998.89. You may need to include a dependency on a specific version of the CDP using something similar to `org.seleniumhq.selenium:selenium-devtools-v86:4.22.0` where the version ("v86") matches the version of the chromium-based browser you're using and the version number of the artifact is the same as Selenium's.
]]></system-err>
  </testcase>
  <testcase name="HolidayCreationTest[Wednesday, 12.2.2028](4)" classname="testCases.HolidayTest" time="0.438">
    <system-out><![CDATA[12:40:56.733 [main] DEBUG io.github.bonigarcia.wdm.WebDriverManager - Using WebDriverManager 5.9.3
12:40:56.745 [main] DEBUG io.github.bonigarcia.wdm.cache.ResolutionCache - Resolution chrome=134 in cache (valid until 13:18:52 20/03/2025 IST)
12:40:56.746 [main] DEBUG io.github.bonigarcia.wdm.cache.ResolutionCache - Resolution chrome134=134.0.6998.90 in cache (valid until 11:17:40 21/03/2025 IST)
12:40:56.746 [main] INFO io.github.bonigarcia.wdm.WebDriverManager - Using chromedriver 134.0.6998.90 (resolved driver for Chrome 134)
12:40:56.767 [main] DEBUG io.github.bonigarcia.wdm.WebDriverManager - Driver chromedriver 134.0.6998.90 found in cache
12:40:56.768 [main] INFO io.github.bonigarcia.wdm.WebDriverManager - Exporting webdriver.chrome.driver as C:\Users\Basispay\.cache\selenium\chromedriver\win64\134.0.6998.90\chromedriver.exe
Text "majeeth.h@babujiventures.in" entered successfully into the element.
Text "Test@123" entered successfully into the element.
Implicit wait set to 5 seconds.
Text "Wednesday" entered successfully into the element.
Text "12.2.2028" entered successfully into the element.
Element is Displayed
]]></system-out>
    <system-err><![CDATA[Mar 20, 2025 12:40:57 PM org.openqa.selenium.devtools.CdpVersionFinder findNearestMatch
WARNING: Unable to find CDP implementation matching 134
Mar 20, 2025 12:40:57 PM org.openqa.selenium.chromium.ChromiumDriver lambda$new$5
WARNING: Unable to find version of CDP to use for 134.0.6998.89. You may need to include a dependency on a specific version of the CDP using something similar to `org.seleniumhq.selenium:selenium-devtools-v86:4.22.0` where the version ("v86") matches the version of the chromium-based browser you're using and the version number of the artifact is the same as Selenium's.
]]></system-err>
  </testcase>
  <testcase name="HolidayCreationTest[Thursday, 12.2.2029](5)" classname="testCases.HolidayTest" time="0.619">
    <system-out><![CDATA[12:39:04.288 [main] DEBUG io.github.bonigarcia.wdm.WebDriverManager - Using WebDriverManager 5.9.3
12:39:04.300 [main] DEBUG io.github.bonigarcia.wdm.cache.ResolutionCache - Resolution chrome=134 in cache (valid until 13:18:52 20/03/2025 IST)
12:39:04.301 [main] DEBUG io.github.bonigarcia.wdm.cache.ResolutionCache - Resolution chrome134=134.0.6998.90 in cache (valid until 11:17:40 21/03/2025 IST)
12:39:04.301 [main] INFO io.github.bonigarcia.wdm.WebDriverManager - Using chromedriver 134.0.6998.90 (resolved driver for Chrome 134)
12:39:04.320 [main] DEBUG io.github.bonigarcia.wdm.WebDriverManager - Driver chromedriver 134.0.6998.90 found in cache
12:39:04.321 [main] INFO io.github.bonigarcia.wdm.WebDriverManager - Exporting webdriver.chrome.driver as C:\Users\Basispay\.cache\selenium\chromedriver\win64\134.0.6998.90\chromedriver.exe
Text "majeeth.h@babujiventures.in" entered successfully into the element.
Text "Test@123" entered successfully into the element.
Implicit wait set to 5 seconds.
Text "Thursday" entered successfully into the element.
Text "12.2.2029" entered successfully into the element.
Element is Displayed
]]></system-out>
    <system-err><![CDATA[Mar 20, 2025 12:39:06 PM org.openqa.selenium.devtools.CdpVersionFinder findNearestMatch
WARNING: Unable to find CDP implementation matching 134
Mar 20, 2025 12:39:06 PM org.openqa.selenium.chromium.ChromiumDriver lambda$new$5
WARNING: Unable to find version of CDP to use for 134.0.6998.89. You may need to include a dependency on a specific version of the CDP using something similar to `org.seleniumhq.selenium:selenium-devtools-v86:4.22.0` where the version ("v86") matches the version of the chromium-based browser you're using and the version number of the artifact is the same as Selenium's.
]]></system-err>
  </testcase>
  <testcase name="HolidayCreationTest[Thursday, 12.2.2029](5)" classname="testCases.HolidayTest" time="0.507">
    <system-out><![CDATA[12:41:07.543 [main] DEBUG io.github.bonigarcia.wdm.WebDriverManager - Using WebDriverManager 5.9.3
12:41:07.554 [main] DEBUG io.github.bonigarcia.wdm.cache.ResolutionCache - Resolution chrome=134 in cache (valid until 13:18:52 20/03/2025 IST)
12:41:07.554 [main] DEBUG io.github.bonigarcia.wdm.cache.ResolutionCache - Resolution chrome134=134.0.6998.90 in cache (valid until 11:17:40 21/03/2025 IST)
12:41:07.554 [main] INFO io.github.bonigarcia.wdm.WebDriverManager - Using chromedriver 134.0.6998.90 (resolved driver for Chrome 134)
12:41:07.572 [main] DEBUG io.github.bonigarcia.wdm.WebDriverManager - Driver chromedriver 134.0.6998.90 found in cache
12:41:07.573 [main] INFO io.github.bonigarcia.wdm.WebDriverManager - Exporting webdriver.chrome.driver as C:\Users\Basispay\.cache\selenium\chromedriver\win64\134.0.6998.90\chromedriver.exe
Text "majeeth.h@babujiventures.in" entered successfully into the element.
Text "Test@123" entered successfully into the element.
Implicit wait set to 5 seconds.
Text "Thursday" entered successfully into the element.
Text "12.2.2029" entered successfully into the element.
Element is Displayed
]]></system-out>
    <system-err><![CDATA[Mar 20, 2025 12:41:09 PM org.openqa.selenium.devtools.CdpVersionFinder findNearestMatch
WARNING: Unable to find CDP implementation matching 134
Mar 20, 2025 12:41:09 PM org.openqa.selenium.chromium.ChromiumDriver lambda$new$5
WARNING: Unable to find version of CDP to use for 134.0.6998.89. You may need to include a dependency on a specific version of the CDP using something similar to `org.seleniumhq.selenium:selenium-devtools-v86:4.22.0` where the version ("v86") matches the version of the chromium-based browser you're using and the version number of the artifact is the same as Selenium's.
]]></system-err>
  </testcase>
  <testcase name="HolidayCreationTest[Friday, 12.2.2030](6)" classname="testCases.HolidayTest" time="0.527">
    <system-out><![CDATA[12:39:16.402 [main] DEBUG io.github.bonigarcia.wdm.WebDriverManager - Using WebDriverManager 5.9.3
12:39:16.417 [main] DEBUG io.github.bonigarcia.wdm.cache.ResolutionCache - Resolution chrome=134 in cache (valid until 13:18:52 20/03/2025 IST)
12:39:16.418 [main] DEBUG io.github.bonigarcia.wdm.cache.ResolutionCache - Resolution chrome134=134.0.6998.90 in cache (valid until 11:17:40 21/03/2025 IST)
12:39:16.418 [main] INFO io.github.bonigarcia.wdm.WebDriverManager - Using chromedriver 134.0.6998.90 (resolved driver for Chrome 134)
12:39:16.438 [main] DEBUG io.github.bonigarcia.wdm.WebDriverManager - Driver chromedriver 134.0.6998.90 found in cache
12:39:16.438 [main] INFO io.github.bonigarcia.wdm.WebDriverManager - Exporting webdriver.chrome.driver as C:\Users\Basispay\.cache\selenium\chromedriver\win64\134.0.6998.90\chromedriver.exe
Text "majeeth.h@babujiventures.in" entered successfully into the element.
Text "Test@123" entered successfully into the element.
Implicit wait set to 5 seconds.
Text "Friday" entered successfully into the element.
Text "12.2.2030" entered successfully into the element.
Element is Displayed
]]></system-out>
    <system-err><![CDATA[Mar 20, 2025 12:39:18 PM org.openqa.selenium.devtools.CdpVersionFinder findNearestMatch
WARNING: Unable to find CDP implementation matching 134
Mar 20, 2025 12:39:18 PM org.openqa.selenium.chromium.ChromiumDriver lambda$new$5
WARNING: Unable to find version of CDP to use for 134.0.6998.89. You may need to include a dependency on a specific version of the CDP using something similar to `org.seleniumhq.selenium:selenium-devtools-v86:4.22.0` where the version ("v86") matches the version of the chromium-based browser you're using and the version number of the artifact is the same as Selenium's.
]]></system-err>
  </testcase>
  <testcase name="HolidayCreationTest[Friday, 12.2.2030](6)" classname="testCases.HolidayTest" time="0.505">
    <system-out><![CDATA[12:41:19.674 [main] DEBUG io.github.bonigarcia.wdm.WebDriverManager - Using WebDriverManager 5.9.3
12:41:19.682 [main] DEBUG io.github.bonigarcia.wdm.cache.ResolutionCache - Resolution chrome=134 in cache (valid until 13:18:52 20/03/2025 IST)
12:41:19.683 [main] DEBUG io.github.bonigarcia.wdm.cache.ResolutionCache - Resolution chrome134=134.0.6998.90 in cache (valid until 11:17:40 21/03/2025 IST)
12:41:19.683 [main] INFO io.github.bonigarcia.wdm.WebDriverManager - Using chromedriver 134.0.6998.90 (resolved driver for Chrome 134)
12:41:19.699 [main] DEBUG io.github.bonigarcia.wdm.WebDriverManager - Driver chromedriver 134.0.6998.90 found in cache
12:41:19.699 [main] INFO io.github.bonigarcia.wdm.WebDriverManager - Exporting webdriver.chrome.driver as C:\Users\Basispay\.cache\selenium\chromedriver\win64\134.0.6998.90\chromedriver.exe
Text "majeeth.h@babujiventures.in" entered successfully into the element.
Text "Test@123" entered successfully into the element.
Implicit wait set to 5 seconds.
Text "Friday" entered successfully into the element.
Text "12.2.2030" entered successfully into the element.
Element is Displayed
]]></system-out>
    <system-err><![CDATA[Mar 20, 2025 12:41:21 PM org.openqa.selenium.devtools.CdpVersionFinder findNearestMatch
WARNING: Unable to find CDP implementation matching 134
Mar 20, 2025 12:41:21 PM org.openqa.selenium.chromium.ChromiumDriver lambda$new$5
WARNING: Unable to find version of CDP to use for 134.0.6998.89. You may need to include a dependency on a specific version of the CDP using something similar to `org.seleniumhq.selenium:selenium-devtools-v86:4.22.0` where the version ("v86") matches the version of the chromium-based browser you're using and the version number of the artifact is the same as Selenium's.
]]></system-err>
  </testcase>
  <testcase name="HolidayCreationTest[Saturday, 12.2.2031](7)" classname="testCases.HolidayTest" time="0.439">
    <system-out><![CDATA[12:39:29.380 [main] DEBUG io.github.bonigarcia.wdm.WebDriverManager - Using WebDriverManager 5.9.3
12:39:29.397 [main] DEBUG io.github.bonigarcia.wdm.cache.ResolutionCache - Resolution chrome=134 in cache (valid until 13:18:52 20/03/2025 IST)
12:39:29.398 [main] DEBUG io.github.bonigarcia.wdm.cache.ResolutionCache - Resolution chrome134=134.0.6998.90 in cache (valid until 11:17:40 21/03/2025 IST)
12:39:29.398 [main] INFO io.github.bonigarcia.wdm.WebDriverManager - Using chromedriver 134.0.6998.90 (resolved driver for Chrome 134)
12:39:29.416 [main] DEBUG io.github.bonigarcia.wdm.WebDriverManager - Driver chromedriver 134.0.6998.90 found in cache
12:39:29.417 [main] INFO io.github.bonigarcia.wdm.WebDriverManager - Exporting webdriver.chrome.driver as C:\Users\Basispay\.cache\selenium\chromedriver\win64\134.0.6998.90\chromedriver.exe
Text "majeeth.h@babujiventures.in" entered successfully into the element.
Text "Test@123" entered successfully into the element.
Implicit wait set to 5 seconds.
Text "Saturday" entered successfully into the element.
Text "12.2.2031" entered successfully into the element.
Element is Displayed
]]></system-out>
    <system-err><![CDATA[Mar 20, 2025 12:39:31 PM org.openqa.selenium.devtools.CdpVersionFinder findNearestMatch
WARNING: Unable to find CDP implementation matching 134
Mar 20, 2025 12:39:31 PM org.openqa.selenium.chromium.ChromiumDriver lambda$new$5
WARNING: Unable to find version of CDP to use for 134.0.6998.89. You may need to include a dependency on a specific version of the CDP using something similar to `org.seleniumhq.selenium:selenium-devtools-v86:4.22.0` where the version ("v86") matches the version of the chromium-based browser you're using and the version number of the artifact is the same as Selenium's.
]]></system-err>
  </testcase>
  <testcase name="HolidayCreationTest[Saturday, 12.2.2031](7)" classname="testCases.HolidayTest" time="0.509">
    <system-out><![CDATA[12:41:31.313 [main] DEBUG io.github.bonigarcia.wdm.WebDriverManager - Using WebDriverManager 5.9.3
12:41:31.323 [main] DEBUG io.github.bonigarcia.wdm.cache.ResolutionCache - Resolution chrome=134 in cache (valid until 13:18:52 20/03/2025 IST)
12:41:31.323 [main] DEBUG io.github.bonigarcia.wdm.cache.ResolutionCache - Resolution chrome134=134.0.6998.90 in cache (valid until 11:17:40 21/03/2025 IST)
12:41:31.323 [main] INFO io.github.bonigarcia.wdm.WebDriverManager - Using chromedriver 134.0.6998.90 (resolved driver for Chrome 134)
12:41:31.340 [main] DEBUG io.github.bonigarcia.wdm.WebDriverManager - Driver chromedriver 134.0.6998.90 found in cache
12:41:31.341 [main] INFO io.github.bonigarcia.wdm.WebDriverManager - Exporting webdriver.chrome.driver as C:\Users\Basispay\.cache\selenium\chromedriver\win64\134.0.6998.90\chromedriver.exe
Text "majeeth.h@babujiventures.in" entered successfully into the element.
Text "Test@123" entered successfully into the element.
Implicit wait set to 5 seconds.
Text "Saturday" entered successfully into the element.
Text "12.2.2031" entered successfully into the element.
Element is Displayed
]]></system-out>
    <system-err><![CDATA[Mar 20, 2025 12:41:34 PM org.openqa.selenium.devtools.CdpVersionFinder findNearestMatch
WARNING: Unable to find CDP implementation matching 134
Mar 20, 2025 12:41:34 PM org.openqa.selenium.chromium.ChromiumDriver lambda$new$5
WARNING: Unable to find version of CDP to use for 134.0.6998.89. You may need to include a dependency on a specific version of the CDP using something similar to `org.seleniumhq.selenium:selenium-devtools-v86:4.22.0` where the version ("v86") matches the version of the chromium-based browser you're using and the version number of the artifact is the same as Selenium's.
]]></system-err>
  </testcase>
  <testcase name="HolidayCreationTest[Sunday, 12.2.2032](8)" classname="testCases.HolidayTest" time="0.462">
    <system-out><![CDATA[12:39:40.878 [main] DEBUG io.github.bonigarcia.wdm.WebDriverManager - Using WebDriverManager 5.9.3
12:39:40.889 [main] DEBUG io.github.bonigarcia.wdm.cache.ResolutionCache - Resolution chrome=134 in cache (valid until 13:18:52 20/03/2025 IST)
12:39:40.889 [main] DEBUG io.github.bonigarcia.wdm.cache.ResolutionCache - Resolution chrome134=134.0.6998.90 in cache (valid until 11:17:40 21/03/2025 IST)
12:39:40.889 [main] INFO io.github.bonigarcia.wdm.WebDriverManager - Using chromedriver 134.0.6998.90 (resolved driver for Chrome 134)
12:39:40.908 [main] DEBUG io.github.bonigarcia.wdm.WebDriverManager - Driver chromedriver 134.0.6998.90 found in cache
12:39:40.909 [main] INFO io.github.bonigarcia.wdm.WebDriverManager - Exporting webdriver.chrome.driver as C:\Users\Basispay\.cache\selenium\chromedriver\win64\134.0.6998.90\chromedriver.exe
Text "majeeth.h@babujiventures.in" entered successfully into the element.
Text "Test@123" entered successfully into the element.
Implicit wait set to 5 seconds.
Text "Sunday" entered successfully into the element.
Text "12.2.2032" entered successfully into the element.
Element is Displayed
]]></system-out>
    <system-err><![CDATA[Mar 20, 2025 12:39:42 PM org.openqa.selenium.devtools.CdpVersionFinder findNearestMatch
WARNING: Unable to find CDP implementation matching 134
Mar 20, 2025 12:39:42 PM org.openqa.selenium.chromium.ChromiumDriver lambda$new$5
WARNING: Unable to find version of CDP to use for 134.0.6998.89. You may need to include a dependency on a specific version of the CDP using something similar to `org.seleniumhq.selenium:selenium-devtools-v86:4.22.0` where the version ("v86") matches the version of the chromium-based browser you're using and the version number of the artifact is the same as Selenium's.
]]></system-err>
  </testcase>
  <testcase name="HolidayCreationTest[Sunday, 12.2.2032](8)" classname="testCases.HolidayTest" time="0.412">
    <system-out><![CDATA[12:41:47.496 [main] DEBUG io.github.bonigarcia.wdm.WebDriverManager - Using WebDriverManager 5.9.3
12:41:47.506 [main] DEBUG io.github.bonigarcia.wdm.cache.ResolutionCache - Resolution chrome=134 in cache (valid until 13:18:52 20/03/2025 IST)
12:41:47.507 [main] DEBUG io.github.bonigarcia.wdm.cache.ResolutionCache - Resolution chrome134=134.0.6998.90 in cache (valid until 11:17:40 21/03/2025 IST)
12:41:47.507 [main] INFO io.github.bonigarcia.wdm.WebDriverManager - Using chromedriver 134.0.6998.90 (resolved driver for Chrome 134)
12:41:47.567 [main] DEBUG io.github.bonigarcia.wdm.WebDriverManager - Driver chromedriver 134.0.6998.90 found in cache
12:41:47.568 [main] INFO io.github.bonigarcia.wdm.WebDriverManager - Exporting webdriver.chrome.driver as C:\Users\Basispay\.cache\selenium\chromedriver\win64\134.0.6998.90\chromedriver.exe
Text "majeeth.h@babujiventures.in" entered successfully into the element.
Text "Test@123" entered successfully into the element.
Implicit wait set to 5 seconds.
Text "Sunday" entered successfully into the element.
Text "12.2.2032" entered successfully into the element.
Element is Displayed
]]></system-out>
    <system-err><![CDATA[Mar 20, 2025 12:41:51 PM org.openqa.selenium.devtools.CdpVersionFinder findNearestMatch
WARNING: Unable to find CDP implementation matching 134
Mar 20, 2025 12:41:51 PM org.openqa.selenium.chromium.ChromiumDriver lambda$new$5
WARNING: Unable to find version of CDP to use for 134.0.6998.89. You may need to include a dependency on a specific version of the CDP using something similar to `org.seleniumhq.selenium:selenium-devtools-v86:4.22.0` where the version ("v86") matches the version of the chromium-based browser you're using and the version number of the artifact is the same as Selenium's.
]]></system-err>
  </testcase>
  <testcase name="HolidayCreationTest[Monday, 12.2.2033](9)" classname="testCases.HolidayTest" time="0.456">
    <system-out><![CDATA[12:39:54.090 [main] DEBUG io.github.bonigarcia.wdm.WebDriverManager - Using WebDriverManager 5.9.3
12:39:54.100 [main] DEBUG io.github.bonigarcia.wdm.cache.ResolutionCache - Resolution chrome=134 in cache (valid until 13:18:52 20/03/2025 IST)
12:39:54.101 [main] DEBUG io.github.bonigarcia.wdm.cache.ResolutionCache - Resolution chrome134=134.0.6998.90 in cache (valid until 11:17:40 21/03/2025 IST)
12:39:54.101 [main] INFO io.github.bonigarcia.wdm.WebDriverManager - Using chromedriver 134.0.6998.90 (resolved driver for Chrome 134)
12:39:54.118 [main] DEBUG io.github.bonigarcia.wdm.WebDriverManager - Driver chromedriver 134.0.6998.90 found in cache
12:39:54.119 [main] INFO io.github.bonigarcia.wdm.WebDriverManager - Exporting webdriver.chrome.driver as C:\Users\Basispay\.cache\selenium\chromedriver\win64\134.0.6998.90\chromedriver.exe
Text "majeeth.h@babujiventures.in" entered successfully into the element.
Text "Test@123" entered successfully into the element.
Implicit wait set to 5 seconds.
Text "Monday" entered successfully into the element.
Text "12.2.2033" entered successfully into the element.
Element is Displayed
]]></system-out>
    <system-err><![CDATA[Mar 20, 2025 12:39:55 PM org.openqa.selenium.devtools.CdpVersionFinder findNearestMatch
WARNING: Unable to find CDP implementation matching 134
Mar 20, 2025 12:39:55 PM org.openqa.selenium.chromium.ChromiumDriver lambda$new$5
WARNING: Unable to find version of CDP to use for 134.0.6998.89. You may need to include a dependency on a specific version of the CDP using something similar to `org.seleniumhq.selenium:selenium-devtools-v86:4.22.0` where the version ("v86") matches the version of the chromium-based browser you're using and the version number of the artifact is the same as Selenium's.
]]></system-err>
  </testcase>
  <testcase name="HolidayCreationTest[Monday, 12.2.2033](9)" classname="testCases.HolidayTest" time="0.47">
    <system-out><![CDATA[12:42:03.879 [main] DEBUG io.github.bonigarcia.wdm.WebDriverManager - Using WebDriverManager 5.9.3
12:42:03.886 [main] DEBUG io.github.bonigarcia.wdm.cache.ResolutionCache - Resolution chrome=134 in cache (valid until 13:18:52 20/03/2025 IST)
12:42:03.887 [main] DEBUG io.github.bonigarcia.wdm.cache.ResolutionCache - Resolution chrome134=134.0.6998.90 in cache (valid until 11:17:40 21/03/2025 IST)
12:42:03.887 [main] INFO io.github.bonigarcia.wdm.WebDriverManager - Using chromedriver 134.0.6998.90 (resolved driver for Chrome 134)
12:42:03.924 [main] DEBUG io.github.bonigarcia.wdm.WebDriverManager - Driver chromedriver 134.0.6998.90 found in cache
12:42:03.925 [main] INFO io.github.bonigarcia.wdm.WebDriverManager - Exporting webdriver.chrome.driver as C:\Users\Basispay\.cache\selenium\chromedriver\win64\134.0.6998.90\chromedriver.exe
Text "majeeth.h@babujiventures.in" entered successfully into the element.
Text "Test@123" entered successfully into the element.
Implicit wait set to 5 seconds.
Text "Monday" entered successfully into the element.
Text "12.2.2033" entered successfully into the element.
Element is Displayed
]]></system-out>
    <system-err><![CDATA[Mar 20, 2025 12:42:05 PM org.openqa.selenium.devtools.CdpVersionFinder findNearestMatch
WARNING: Unable to find CDP implementation matching 134
Mar 20, 2025 12:42:05 PM org.openqa.selenium.chromium.ChromiumDriver lambda$new$5
WARNING: Unable to find version of CDP to use for 134.0.6998.89. You may need to include a dependency on a specific version of the CDP using something similar to `org.seleniumhq.selenium:selenium-devtools-v86:4.22.0` where the version ("v86") matches the version of the chromium-based browser you're using and the version number of the artifact is the same as Selenium's.
]]></system-err>
  </testcase>
  <testcase name="SearchFuncTest" classname="testCases.HolidayTest" time="1.011">
    <failure message="&#10;Cannot inject @Test annotated Method [SearchFuncTest] with [class java.lang.String].&#10;For more information on native dependency injection please refer to https://testng.org/#_dependency_injection" type="org.testng.TestNGException"><![CDATA[org.testng.TestNGException: 

Cannot inject @Test annotated Method [SearchFuncTest] with [class java.lang.String].
For more information on native dependency injection please refer to https://testng.org/#_dependency_injection
	at org.testng.internal.Parameters.checkParameterTypes(Parameters.java:442)
	at org.testng.internal.Parameters.createParametersForMethod(Parameters.java:347)
	at org.testng.internal.Parameters.createParameters(Parameters.java:699)
	at org.testng.internal.Parameters.handleParameters(Parameters.java:885)
	at org.testng.internal.Parameters.handleParameters(Parameters.java:734)
	at org.testng.internal.invokers.ParameterHandler.handleParameters(ParameterHandler.java:72)
	at org.testng.internal.invokers.ParameterHandler.createParameters(ParameterHandler.java:51)
	at org.testng.internal.invokers.TestInvoker$MethodInvocationAgent.invoke(TestInvoker.java:946)
	at org.testng.internal.invokers.TestInvoker.invokeTestMethods(TestInvoker.java:203)
	at org.testng.internal.invokers.TestMethodWorker.invokeTestMethods(TestMethodWorker.java:154)
	at org.testng.internal.invokers.TestMethodWorker.run(TestMethodWorker.java:134)
	at java.base/java.util.ArrayList.forEach(ArrayList.java:1597)
	at org.testng.TestRunner.privateRun(TestRunner.java:739)
	at org.testng.TestRunner.run(TestRunner.java:614)
	at org.testng.SuiteRunner.runTest(SuiteRunner.java:421)
	at org.testng.SuiteRunner.runSequentially(SuiteRunner.java:413)
	at org.testng.SuiteRunner.privateRun(SuiteRunner.java:373)
	at org.testng.SuiteRunner.run(SuiteRunner.java:312)
	at org.testng.SuiteRunnerWorker.runSuite(SuiteRunnerWorker.java:52)
	at org.testng.SuiteRunnerWorker.run(SuiteRunnerWorker.java:95)
	at org.testng.TestNG.runSuitesSequentially(TestNG.java:1274)
	at org.testng.TestNG.runSuitesLocally(TestNG.java:1208)
	at org.testng.TestNG.runSuites(TestNG.java:1112)
	at org.testng.TestNG.run(TestNG.java:1079)
	at org.apache.maven.surefire.testng.TestNGExecutor.run(TestNGExecutor.java:308)
	at org.apache.maven.surefire.testng.TestNGXmlTestSuite.execute(TestNGXmlTestSuite.java:71)
	at org.apache.maven.surefire.testng.TestNGProvider.invoke(TestNGProvider.java:113)
	at org.apache.maven.surefire.booter.ForkedBooter.runSuitesInProcess(ForkedBooter.java:385)
	at org.apache.maven.surefire.booter.ForkedBooter.execute(ForkedBooter.java:162)
	at org.apache.maven.surefire.booter.ForkedBooter.run(ForkedBooter.java:507)
	at org.apache.maven.surefire.booter.ForkedBooter.main(ForkedBooter.java:495)
]]></failure>
    <system-err><![CDATA[Error while capturing screenshot or attaching to the report: Session ID is null. Using WebDriver after calling quit()?
Build info: version: '4.22.0', revision: 'c5f3146703*'
System info: os.name: 'Windows 10', os.arch: 'amd64', os.version: '10.0', java.version: '22.0.1'
Driver info: org.openqa.selenium.chrome.ChromeDriver
Command: [null, screenshot {}]
Capabilities {acceptInsecureCerts: false, browserName: chrome, browserVersion: 134.0.6998.89, chrome: {chromedriverVersion: 134.0.6998.90 (219ee74681fc..., userDataDir: C:\Users\Basispay\AppData\L...}, fedcm:accounts: true, goog:chromeOptions: {debuggerAddress: localhost:58072}, networkConnectionEnabled: false, pageLoadStrategy: normal, platformName: windows, proxy: Proxy(), se:cdp: ws://localhost:58072/devtoo..., se:cdpVersion: 134.0.6998.89, setWindowRect: true, strictFileInteractability: false, timeouts: {implicit: 0, pageLoad: 300000, script: 30000}, unhandledPromptBehavior: dismiss and notify, webauthn:extension:credBlob: true, webauthn:extension:largeBlob: true, webauthn:extension:minPinLength: true, webauthn:extension:prf: true, webauthn:virtualAuthenticators: true}
]]></system-err>
  </testcase>
  <testcase name="SearchFuncTest" classname="testCases.HolidayTest" time="1.057">
    <failure message="&#10;Cannot inject @Test annotated Method [SearchFuncTest] with [class java.lang.String].&#10;For more information on native dependency injection please refer to https://testng.org/#_dependency_injection" type="org.testng.TestNGException"><![CDATA[org.testng.TestNGException: 

Cannot inject @Test annotated Method [SearchFuncTest] with [class java.lang.String].
For more information on native dependency injection please refer to https://testng.org/#_dependency_injection
	at org.testng.internal.Parameters.checkParameterTypes(Parameters.java:442)
	at org.testng.internal.Parameters.createParametersForMethod(Parameters.java:347)
	at org.testng.internal.Parameters.createParameters(Parameters.java:699)
	at org.testng.internal.Parameters.handleParameters(Parameters.java:885)
	at org.testng.internal.Parameters.handleParameters(Parameters.java:734)
	at org.testng.internal.invokers.ParameterHandler.handleParameters(ParameterHandler.java:72)
	at org.testng.internal.invokers.ParameterHandler.createParameters(ParameterHandler.java:51)
	at org.testng.internal.invokers.TestInvoker$MethodInvocationAgent.invoke(TestInvoker.java:946)
	at org.testng.internal.invokers.TestInvoker.invokeTestMethods(TestInvoker.java:203)
	at org.testng.internal.invokers.TestMethodWorker.invokeTestMethods(TestMethodWorker.java:154)
	at org.testng.internal.invokers.TestMethodWorker.run(TestMethodWorker.java:134)
	at java.base/java.util.ArrayList.forEach(ArrayList.java:1597)
	at org.testng.TestRunner.privateRun(TestRunner.java:739)
	at org.testng.TestRunner.run(TestRunner.java:614)
	at org.testng.SuiteRunner.runTest(SuiteRunner.java:421)
	at org.testng.SuiteRunner.runSequentially(SuiteRunner.java:413)
	at org.testng.SuiteRunner.privateRun(SuiteRunner.java:373)
	at org.testng.SuiteRunner.run(SuiteRunner.java:312)
	at org.testng.SuiteRunnerWorker.runSuite(SuiteRunnerWorker.java:52)
	at org.testng.SuiteRunnerWorker.run(SuiteRunnerWorker.java:95)
	at org.testng.TestNG.runSuitesSequentially(TestNG.java:1274)
	at org.testng.TestNG.runSuitesLocally(TestNG.java:1208)
	at org.testng.TestNG.runSuites(TestNG.java:1112)
	at org.testng.TestNG.run(TestNG.java:1079)
	at org.apache.maven.surefire.testng.TestNGExecutor.run(TestNGExecutor.java:308)
	at org.apache.maven.surefire.testng.TestNGXmlTestSuite.execute(TestNGXmlTestSuite.java:71)
	at org.apache.maven.surefire.testng.TestNGProvider.invoke(TestNGProvider.java:113)
	at org.apache.maven.surefire.booter.ForkedBooter.runSuitesInProcess(ForkedBooter.java:385)
	at org.apache.maven.surefire.booter.ForkedBooter.execute(ForkedBooter.java:162)
	at org.apache.maven.surefire.booter.ForkedBooter.run(ForkedBooter.java:507)
	at org.apache.maven.surefire.booter.ForkedBooter.main(ForkedBooter.java:495)
]]></failure>
    <system-err><![CDATA[Error while capturing screenshot or attaching to the report: Session ID is null. Using WebDriver after calling quit()?
Build info: version: '4.22.0', revision: 'c5f3146703*'
System info: os.name: 'Windows 10', os.arch: 'amd64', os.version: '10.0', java.version: '22.0.1'
Driver info: org.openqa.selenium.chrome.ChromeDriver
Command: [null, screenshot {}]
Capabilities {acceptInsecureCerts: false, browserName: chrome, browserVersion: 134.0.6998.89, chrome: {chromedriverVersion: 134.0.6998.90 (219ee74681fc..., userDataDir: C:\Users\Basispay\AppData\L...}, fedcm:accounts: true, goog:chromeOptions: {debuggerAddress: localhost:58666}, networkConnectionEnabled: false, pageLoadStrategy: normal, platformName: windows, proxy: Proxy(), se:cdp: ws://localhost:58666/devtoo..., se:cdpVersion: 134.0.6998.89, setWindowRect: true, strictFileInteractability: false, timeouts: {implicit: 0, pageLoad: 300000, script: 30000}, unhandledPromptBehavior: dismiss and notify, webauthn:extension:credBlob: true, webauthn:extension:largeBlob: true, webauthn:extension:minPinLength: true, webauthn:extension:prf: true, webauthn:virtualAuthenticators: true}
]]></system-err>
  </testcase>
  <testcase name="validateTheHoliBtnTest" classname="testCases.Mainmaster_hoidayTest" time="0.0">
    <skipped message="Navigation to Main Master Page failed: URLs do not match.  expected [https://staging-mmsadmin.basispay.in/sidenav/governmentholidy] but found [https://staging-mmsadmin.basispay.in/sidenav/governmentholiday]"/>
    <system-out><![CDATA[12:42:15.890 [main] DEBUG io.github.bonigarcia.wdm.WebDriverManager - Using WebDriverManager 5.9.3
12:42:15.897 [main] DEBUG io.github.bonigarcia.wdm.cache.ResolutionCache - Resolution chrome=134 in cache (valid until 13:18:52 20/03/2025 IST)
12:42:15.898 [main] DEBUG io.github.bonigarcia.wdm.cache.ResolutionCache - Resolution chrome134=134.0.6998.90 in cache (valid until 11:17:40 21/03/2025 IST)
12:42:15.898 [main] INFO io.github.bonigarcia.wdm.WebDriverManager - Using chromedriver 134.0.6998.90 (resolved driver for Chrome 134)
12:42:15.917 [main] DEBUG io.github.bonigarcia.wdm.WebDriverManager - Driver chromedriver 134.0.6998.90 found in cache
12:42:15.918 [main] INFO io.github.bonigarcia.wdm.WebDriverManager - Exporting webdriver.chrome.driver as C:\Users\Basispay\.cache\selenium\chromedriver\win64\134.0.6998.90\chromedriver.exe
Text "majeeth.h@babujiventures.in" entered successfully into the element.
Text "Test@123" entered successfully into the element.
Current URL of the page is: "https://staging-mmsadmin.basispay.in/sidenav/governmentholiday"
]]></system-out>
    <system-err><![CDATA[Mar 20, 2025 12:42:17 PM org.openqa.selenium.devtools.CdpVersionFinder findNearestMatch
WARNING: Unable to find CDP implementation matching 134
Mar 20, 2025 12:42:17 PM org.openqa.selenium.chromium.ChromiumDriver lambda$new$5
WARNING: Unable to find version of CDP to use for 134.0.6998.89. You may need to include a dependency on a specific version of the CDP using something similar to `org.seleniumhq.selenium:selenium-devtools-v86:4.22.0` where the version ("v86") matches the version of the chromium-based browser you're using and the version number of the artifact is the same as Selenium's.
]]></system-err>
  </testcase>
  <testcase name="validateTheHoliBtnTest" classname="testCases.Mainmaster_hoidayTest" time="4.648">
    <failure message="Navigation to Main Master Page failed: URLs do not match.  expected [https://staging-mmsadmin.basispay.in/sidenav/governmentholidy] but found [https://staging-mmsadmin.basispay.in/sidenav/governmentholiday]" type="java.lang.AssertionError"><![CDATA[java.lang.AssertionError: Navigation to Main Master Page failed: URLs do not match.  expected [https://staging-mmsadmin.basispay.in/sidenav/governmentholidy] but found [https://staging-mmsadmin.basispay.in/sidenav/governmentholiday]
	at org.testng.Assert.fail(Assert.java:111)
	at org.testng.Assert.failNotEquals(Assert.java:1578)
	at org.testng.Assert.assertEqualsImpl(Assert.java:150)
	at org.testng.Assert.assertEquals(Assert.java:132)
	at org.testng.Assert.assertEquals(Assert.java:656)
	at testCases.Mainmaster_hoidayTest.validateTheHoliBtnTest(Mainmaster_hoidayTest.java:54)
	at java.base/jdk.internal.reflect.DirectMethodHandleAccessor.invoke(DirectMethodHandleAccessor.java:103)
	at java.base/java.lang.reflect.Method.invoke(Method.java:580)
	at org.testng.internal.invokers.MethodInvocationHelper.invokeMethod(MethodInvocationHelper.java:141)
	at org.testng.internal.invokers.TestInvoker.invokeMethod(TestInvoker.java:686)
	at org.testng.internal.invokers.TestInvoker.retryFailed(TestInvoker.java:269)
	at org.testng.internal.invokers.MethodRunner.runInSequence(MethodRunner.java:76)
	at org.testng.internal.invokers.TestInvoker$MethodInvocationAgent.invoke(TestInvoker.java:992)
	at org.testng.internal.invokers.TestInvoker.invokeTestMethods(TestInvoker.java:203)
	at org.testng.internal.invokers.TestMethodWorker.invokeTestMethods(TestMethodWorker.java:154)
	at org.testng.internal.invokers.TestMethodWorker.run(TestMethodWorker.java:134)
	at java.base/java.util.ArrayList.forEach(ArrayList.java:1597)
	at org.testng.TestRunner.privateRun(TestRunner.java:739)
	at org.testng.TestRunner.run(TestRunner.java:614)
	at org.testng.SuiteRunner.runTest(SuiteRunner.java:421)
	at org.testng.SuiteRunner.runSequentially(SuiteRunner.java:413)
	at org.testng.SuiteRunner.privateRun(SuiteRunner.java:373)
	at org.testng.SuiteRunner.run(SuiteRunner.java:312)
	at org.testng.SuiteRunnerWorker.runSuite(SuiteRunnerWorker.java:52)
	at org.testng.SuiteRunnerWorker.run(SuiteRunnerWorker.java:95)
	at org.testng.TestNG.runSuitesSequentially(TestNG.java:1274)
	at org.testng.TestNG.runSuitesLocally(TestNG.java:1208)
	at org.testng.TestNG.runSuites(TestNG.java:1112)
	at org.testng.TestNG.run(TestNG.java:1079)
	at org.apache.maven.surefire.testng.TestNGExecutor.run(TestNGExecutor.java:308)
	at org.apache.maven.surefire.testng.TestNGXmlTestSuite.execute(TestNGXmlTestSuite.java:71)
	at org.apache.maven.surefire.testng.TestNGProvider.invoke(TestNGProvider.java:113)
	at org.apache.maven.surefire.booter.ForkedBooter.runSuitesInProcess(ForkedBooter.java:385)
	at org.apache.maven.surefire.booter.ForkedBooter.execute(ForkedBooter.java:162)
	at org.apache.maven.surefire.booter.ForkedBooter.run(ForkedBooter.java:507)
	at org.apache.maven.surefire.booter.ForkedBooter.main(ForkedBooter.java:495)
]]></failure>
    <system-out><![CDATA[12:42:32.592 [main] DEBUG io.github.bonigarcia.wdm.WebDriverManager - Using WebDriverManager 5.9.3
12:42:32.612 [main] DEBUG io.github.bonigarcia.wdm.cache.ResolutionCache - Resolution chrome=134 in cache (valid until 13:18:52 20/03/2025 IST)
12:42:32.613 [main] DEBUG io.github.bonigarcia.wdm.cache.ResolutionCache - Resolution chrome134=134.0.6998.90 in cache (valid until 11:17:40 21/03/2025 IST)
12:42:32.613 [main] INFO io.github.bonigarcia.wdm.WebDriverManager - Using chromedriver 134.0.6998.90 (resolved driver for Chrome 134)
12:42:32.640 [main] DEBUG io.github.bonigarcia.wdm.WebDriverManager - Driver chromedriver 134.0.6998.90 found in cache
12:42:32.641 [main] INFO io.github.bonigarcia.wdm.WebDriverManager - Exporting webdriver.chrome.driver as C:\Users\Basispay\.cache\selenium\chromedriver\win64\134.0.6998.90\chromedriver.exe
Text "majeeth.h@babujiventures.in" entered successfully into the element.
Text "Test@123" entered successfully into the element.
Current URL of the page is: "https://staging-mmsadmin.basispay.in/sidenav/governmentholiday"
Screenshot captured and saved at: C:\Users\Basispay\Desktop\1\Screenshots\validateTheHoliBtnTest_20250320124247.png
Screenshot captured for failed test: C:\Users\Basispay\Desktop\1\Screenshots\validateTheHoliBtnTest_20250320124247.png
]]></system-out>
    <system-err><![CDATA[Mar 20, 2025 12:42:34 PM org.openqa.selenium.devtools.CdpVersionFinder findNearestMatch
WARNING: Unable to find CDP implementation matching 134
Mar 20, 2025 12:42:34 PM org.openqa.selenium.chromium.ChromiumDriver lambda$new$5
WARNING: Unable to find version of CDP to use for 134.0.6998.89. You may need to include a dependency on a specific version of the CDP using something similar to `org.seleniumhq.selenium:selenium-devtools-v86:4.22.0` where the version ("v86") matches the version of the chromium-based browser you're using and the version number of the artifact is the same as Selenium's.
]]></system-err>
  </testcase>
  <testcase name="emailcreationTest[prakash.p@babujiventures.in](1)" classname="testCases.EmailConfigurationTest" time="0.759">
    <system-out><![CDATA[12:42:51.232 [main] DEBUG io.github.bonigarcia.wdm.WebDriverManager - Using WebDriverManager 5.9.3
12:42:51.241 [main] DEBUG io.github.bonigarcia.wdm.cache.ResolutionCache - Resolution chrome=134 in cache (valid until 13:18:52 20/03/2025 IST)
12:42:51.242 [main] DEBUG io.github.bonigarcia.wdm.cache.ResolutionCache - Resolution chrome134=134.0.6998.90 in cache (valid until 11:17:40 21/03/2025 IST)
12:42:51.242 [main] INFO io.github.bonigarcia.wdm.WebDriverManager - Using chromedriver 134.0.6998.90 (resolved driver for Chrome 134)
12:42:51.261 [main] DEBUG io.github.bonigarcia.wdm.WebDriverManager - Driver chromedriver 134.0.6998.90 found in cache
12:42:51.261 [main] INFO io.github.bonigarcia.wdm.WebDriverManager - Exporting webdriver.chrome.driver as C:\Users\Basispay\.cache\selenium\chromedriver\win64\134.0.6998.90\chromedriver.exe
Text "majeeth.h@babujiventures.in" entered successfully into the element.
Text "Test@123" entered successfully into the element.
Text "prakash.p@babujiventures.in" entered successfully into the element.
Element is Displayed
]]></system-out>
    <system-err><![CDATA[Mar 20, 2025 12:42:53 PM org.openqa.selenium.devtools.CdpVersionFinder findNearestMatch
WARNING: Unable to find CDP implementation matching 134
Mar 20, 2025 12:42:53 PM org.openqa.selenium.chromium.ChromiumDriver lambda$new$5
WARNING: Unable to find version of CDP to use for 134.0.6998.89. You may need to include a dependency on a specific version of the CDP using something similar to `org.seleniumhq.selenium:selenium-devtools-v86:4.22.0` where the version ("v86") matches the version of the chromium-based browser you're using and the version number of the artifact is the same as Selenium's.
]]></system-err>
  </testcase>
</testsuite>