<?xml version="1.0" encoding="UTF-8"?>
<testng-results ignored="0" total="2" passed="2" failed="0" skipped="0">
  <reporter-output>
  </reporter-output>
  <suite started-at="2025-03-15T11:23:13 IST" name="Suite" finished-at="2025-03-15T11:23:28 IST" duration-ms="14953">
    <groups>
    </groups>
    <test started-at="2025-03-15T11:23:13 IST" name="basic tests" finished-at="2025-03-15T11:23:28 IST" duration-ms="14953">
      <class name="testCases.LoginTest">
        <test-method is-config="true" signature="setup()[pri:0, instance:testCases.LoginTest@25641d39]" started-at="2025-03-15T11:23:13 IST" name="setup" finished-at="2025-03-15T11:23:20 IST" duration-ms="6966" status="PASS">
          <reporter-output>
          </reporter-output>
        </test-method> <!-- setup -->
        <test-method signature="loginTest()[pri:0, instance:testCases.LoginTest@25641d39]" started-at="2025-03-15T11:23:20 IST" name="loginTest" finished-at="2025-03-15T11:23:24 IST" duration-ms="3532" status="PASS">
          <reporter-output>
          </reporter-output>
        </test-method> <!-- loginTest -->
        <test-method is-config="true" signature="tearDown()[pri:0, instance:testCases.LoginTest@25641d39]" started-at="2025-03-15T11:23:24 IST" name="tearDown" finished-at="2025-03-15T11:23:24 IST" duration-ms="456" status="PASS">
          <reporter-output>
          </reporter-output>
        </test-method> <!-- tearDown -->
      </class> <!-- testCases.LoginTest -->
      <class name="testCases.HolidayTest">
        <test-method is-config="true" signature="setup()[pri:0, instance:testCases.HolidayTest@8f2ef19]" started-at="2025-03-15T11:23:13 IST" name="setup" finished-at="2025-03-15T11:23:27 IST" duration-ms="13712" status="PASS">
          <reporter-output>
          </reporter-output>
        </test-method> <!-- setup -->
        <test-method signature="HolidayCreationTest()[pri:0, instance:testCases.HolidayTest@8f2ef19]" started-at="2025-03-15T11:23:27 IST" name="HolidayCreationTest" finished-at="2025-03-15T11:23:27 IST" duration-ms="584" status="PASS">
          <reporter-output>
          </reporter-output>
        </test-method> <!-- HolidayCreationTest -->
        <test-method is-config="true" signature="tearDown()[pri:0, instance:testCases.HolidayTest@8f2ef19]" started-at="2025-03-15T11:23:27 IST" name="tearDown" finished-at="2025-03-15T11:23:28 IST" duration-ms="617" status="PASS">
          <reporter-output>
          </reporter-output>
        </test-method> <!-- tearDown -->
      </class> <!-- testCases.HolidayTest -->
    </test> <!-- basic tests -->
  </suite> <!-- Suite -->
</testng-results>
