<?xml version="1.0" encoding="UTF-8"?>
<testng-results ignored="0" total="1" passed="1" failed="0" skipped="0">
  <reporter-output>
  </reporter-output>
  <suite started-at="2025-03-20T12:18:49 IST" name="Default suite" finished-at="2025-03-20T12:19:06 IST" duration-ms="16947">
    <groups>
    </groups>
    <test started-at="2025-03-20T12:18:49 IST" name="Default test" finished-at="2025-03-20T12:19:06 IST" duration-ms="16947">
      <class name="testCases.EmailConfigurationTest">
        <test-method is-config="true" signature="loadConfig()[pri:0, instance:testCases.EmailConfigurationTest@333d4a8c]" started-at="2025-03-20T12:18:48 IST" name="loadConfig" finished-at="2025-03-20T12:18:49 IST" duration-ms="1182" status="PASS">
          <reporter-output>
          </reporter-output>
        </test-method> <!-- loadConfig -->
        <test-method is-config="true" signature="setup()[pri:0, instance:testCases.EmailConfigurationTest@333d4a8c]" started-at="2025-03-20T12:18:51 IST" name="setup" finished-at="2025-03-20T12:19:05 IST" duration-ms="14370" status="PASS">
          <reporter-output>
          </reporter-output>
        </test-method> <!-- setup -->
        <test-method signature="emailcreationTest(java.lang.String)[pri:0, instance:testCases.EmailConfigurationTest@333d4a8c]" started-at="2025-03-20T12:19:05 IST" name="emailcreationTest" data-provider="Emaildata" finished-at="2025-03-20T12:19:06 IST" duration-ms="648" status="PASS">
          <params>
            <param index="0">
              <value>
                <![CDATA[prakash.p@babujiventures.in]]>
              </value>
            </param>
          </params>
          <reporter-output>
          </reporter-output>
        </test-method> <!-- emailcreationTest -->
        <test-method is-config="true" signature="tearDown()[pri:0, instance:testCases.EmailConfigurationTest@333d4a8c]" started-at="2025-03-20T12:19:06 IST" name="tearDown" finished-at="2025-03-20T12:19:06 IST" duration-ms="519" status="PASS">
          <reporter-output>
          </reporter-output>
        </test-method> <!-- tearDown -->
        <test-method is-config="true" signature="CreateReport()[pri:0, instance:testCases.EmailConfigurationTest@333d4a8c]" started-at="2025-03-20T12:19:06 IST" name="CreateReport" finished-at="2025-03-20T12:19:07 IST" duration-ms="405" status="PASS">
          <reporter-output>
          </reporter-output>
        </test-method> <!-- CreateReport -->
      </class> <!-- testCases.EmailConfigurationTest -->
    </test> <!-- Default test -->
  </suite> <!-- Default suite -->
</testng-results>
